#
# There is insufficient memory for the Java Runtime Environment to continue.
# Native memory allocation (mmap) failed to map 83886080 bytes for committing reserved memory.
# Possible reasons:
#   The system is out of physical RAM or swap space
#   The process is running with CompressedOops enabled, and the Java Heap may be blocking the growth of the native heap
# Possible solutions:
#   Reduce memory load on the system
#   Increase physical memory or swap space
#   Check if swap backing store is full
#   Decrease Java heap size (-Xmx/-Xms)
#   Decrease number of Java threads
#   Decrease Java thread stack sizes (-Xss)
#   Set larger code cache with -XX:ReservedCodeCacheSize=
#   JVM is running with Unscaled Compressed Oops mode in which the Java heap is
#     placed in the first 4GB address space. The Java Heap base address is the
#     maximum limit for the native heap growth. Please use -XX:HeapBaseMinAddress
#     to set the Java Heap base and to place the Java Heap above 4GB virtual address.
# This output file may be truncated or incomplete.
#
#  Out of Memory Error (os_linux.cpp:2719), pid=16620, tid=16622
#
# JRE version: OpenJDK Runtime Environment (11.0.3+7) (build 11.0.3+7-Ubuntu-1ubuntu218.04.1)
# Java VM: OpenJDK 64-Bit Server VM (11.0.3+7-Ubuntu-1ubuntu218.04.1, mixed mode, sharing, tiered, compressed oops, g1 gc, linux-amd64)
# Core dump will be written. Default location: Core dumps may be processed with "/usr/share/apport/apport %p %s %c %d %P" (or dumping to /home/wellersonalex/MaterialUFPB/APS/Escalonador/core.16620)
#

---------------  S U M M A R Y ------------

Command Line: -ea -Dfile.encoding=UTF-8 org.eclipse.jdt.internal.junit.runner.RemoteTestRunner -version 3 -port 44119 -testLoaderClass org.eclipse.jdt.internal.junit5.runner.JUnit5TestLoader -loaderpluginname org.eclipse.jdt.junit5.runtime -classNames br.ufpb.dcx.aps.escalonador.FachadaEscalonadorPrioridadeTest

Host: Intel(R) Core(TM) i3-4005U CPU @ 1.70GHz, 4 cores, 7G, Linux Mint 19.1 Tessa
Time: Sat Aug 31 16:03:08 2019 -03 elapsed time: 164 seconds (0d 0h 2m 44s)

---------------  T H R E A D  ---------------

Current thread (0x00007fc6f0012000):  JavaThread "main" [_thread_in_vm, id=16622, stack(0x00007fc6f9742000,0x00007fc6f9843000)]

Stack: [0x00007fc6f9742000,0x00007fc6f9843000],  sp=0x00007fc6f983ed20,  free space=1011k
Native frames: (J=compiled Java code, A=aot compiled Java code, j=interpreted, Vv=VM code, C=native code)
V  [libjvm.so+0xde1587]
V  [libjvm.so+0xde21db]
V  [libjvm.so+0x650895]
V  [libjvm.so+0xbbc6c8]
V  [libjvm.so+0xbb3f2d]
V  [libjvm.so+0x76ea7f]
V  [libjvm.so+0x76ecee]
V  [libjvm.so+0x77ad60]
V  [libjvm.so+0x7f5e29]
V  [libjvm.so+0x7f6a82]
V  [libjvm.so+0x7f6ee9]
V  [libjvm.so+0x72e4d5]
V  [libjvm.so+0x72f5b3]
V  [libjvm.so+0x730325]
V  [libjvm.so+0xb06744]
V  [libjvm.so+0x5cc2e4]
V  [libjvm.so+0x81841b]
V  [libjvm.so+0xc7e2f9]

Java frames: (J=compiled Java code, j=interpreted, Vv=VM code)
v  ~RuntimeStub::_new_array_Java
J 1034% c2 br.ufpb.dcx.aps.escalonador.Escalonador.adicionarProcesso(Ljava/lang/String;I)V (165 bytes) @ 0x00007fc6e0493224 [0x00007fc6e0492a20+0x0000000000000804]
j  br.ufpb.dcx.aps.escalonador.FachadaEscalonador.adicionarProcesso(Ljava/lang/String;I)V+6
j  br.ufpb.dcx.aps.escalonador.FachadaEscalonadorPrioridadeTest.t17_alternarDoisProcessosPorPrioridade()V+38
v  ~StubRoutines::call_stub
j  jdk.internal.reflect.NativeMethodAccessorImpl.invoke0(Ljava/lang/reflect/Method;Ljava/lang/Object;[Ljava/lang/Object;)Ljava/lang/Object;+0 java.base@11.0.3
j  jdk.internal.reflect.NativeMethodAccessorImpl.invoke(Ljava/lang/Object;[Ljava/lang/Object;)Ljava/lang/Object;+100 java.base@11.0.3
j  jdk.internal.reflect.DelegatingMethodAccessorImpl.invoke(Ljava/lang/Object;[Ljava/lang/Object;)Ljava/lang/Object;+6 java.base@11.0.3
j  java.lang.reflect.Method.invoke(Ljava/lang/Object;[Ljava/lang/Object;)Ljava/lang/Object;+59 java.base@11.0.3
j  org.junit.platform.commons.util.ReflectionUtils.invokeMethod(Ljava/lang/reflect/Method;Ljava/lang/Object;[Ljava/lang/Object;)Ljava/lang/Object;+41
j  org.junit.jupiter.engine.execution.ExecutableInvoker.invoke(Ljava/lang/reflect/Method;Ljava/lang/Object;Lorg/junit/jupiter/api/extension/ExtensionContext;Lorg/junit/jupiter/engine/extension/ExtensionRegistry;)Ljava/lang/Object;+32
j  org.junit.jupiter.engine.descriptor.TestMethodTestDescriptor.lambda$invokeTestMethod$7(Lorg/junit/jupiter/api/extension/ExtensionContext;Lorg/junit/jupiter/engine/execution/JupiterEngineExecutionContext;)V+24
j  org.junit.jupiter.engine.descriptor.TestMethodTestDescriptor$$Lambda$231.execute()V+12
j  org.junit.platform.engine.support.hierarchical.ThrowableCollector.execute(Lorg/junit/platform/engine/support/hierarchical/ThrowableCollector$Executable;)V+1
j  org.junit.jupiter.engine.descriptor.TestMethodTestDescriptor.invokeTestMethod(Lorg/junit/jupiter/engine/execution/JupiterEngineExecutionContext;Lorg/junit/platform/engine/support/hierarchical/Node$DynamicTestExecutor;)V+21
j  org.junit.jupiter.engine.descriptor.TestMethodTestDescriptor.execute(Lorg/junit/jupiter/engine/execution/JupiterEngineExecutionContext;Lorg/junit/platform/engine/support/hierarchical/Node$DynamicTestExecutor;)Lorg/junit/jupiter/engine/execution/JupiterEngineExecutionContext;+44
j  org.junit.jupiter.engine.descriptor.TestMethodTestDescriptor.execute(Lorg/junit/platform/engine/support/hierarchical/EngineExecutionContext;Lorg/junit/platform/engine/support/hierarchical/Node$DynamicTestExecutor;)Lorg/junit/platform/engine/support/hierarchical/EngineExecutionContext;+6
j  org.junit.platform.engine.support.hierarchical.NodeTestTask.lambda$executeRecursively$5()V+79
j  org.junit.platform.engine.support.hierarchical.NodeTestTask$$Lambda$168.execute()V+4
j  org.junit.platform.engine.support.hierarchical.ThrowableCollector.execute(Lorg/junit/platform/engine/support/hierarchical/ThrowableCollector$Executable;)V+1
j  org.junit.platform.engine.support.hierarchical.NodeTestTask.lambda$executeRecursively$7(Lorg/junit/platform/engine/support/hierarchical/EngineExecutionContext;)V+15
j  org.junit.platform.engine.support.hierarchical.NodeTestTask$$Lambda$167.invoke(Lorg/junit/platform/engine/support/hierarchical/EngineExecutionContext;)V+5
j  org.junit.platform.engine.support.hierarchical.Node.around(Lorg/junit/platform/engine/support/hierarchical/EngineExecutionContext;Lorg/junit/platform/engine/support/hierarchical/Node$Invocation;)V+2
j  org.junit.platform.engine.support.hierarchical.NodeTestTask.lambda$executeRecursively$8()V+14
j  org.junit.platform.engine.support.hierarchical.NodeTestTask$$Lambda$166.execute()V+4
j  org.junit.platform.engine.support.hierarchical.ThrowableCollector.execute(Lorg/junit/platform/engine/support/hierarchical/ThrowableCollector$Executable;)V+1
j  org.junit.platform.engine.support.hierarchical.NodeTestTask.executeRecursively()V+31
j  org.junit.platform.engine.support.hierarchical.NodeTestTask.execute()V+55
j  org.junit.platform.engine.support.hierarchical.SameThreadHierarchicalTestExecutorService$$Lambda$172.accept(Ljava/lang/Object;)V+4
j  java.util.ArrayList.forEach(Ljava/util/function/Consumer;)V+46 java.base@11.0.3
j  org.junit.platform.engine.support.hierarchical.SameThreadHierarchicalTestExecutorService.invokeAll(Ljava/util/List;)V+6
j  org.junit.platform.engine.support.hierarchical.NodeTestTask.lambda$executeRecursively$5()V+116
j  org.junit.platform.engine.support.hierarchical.NodeTestTask$$Lambda$168.execute()V+4
j  org.junit.platform.engine.support.hierarchical.ThrowableCollector.execute(Lorg/junit/platform/engine/support/hierarchical/ThrowableCollector$Executable;)V+1
j  org.junit.platform.engine.support.hierarchical.NodeTestTask.lambda$executeRecursively$7(Lorg/junit/platform/engine/support/hierarchical/EngineExecutionContext;)V+15
j  org.junit.platform.engine.support.hierarchical.NodeTestTask$$Lambda$167.invoke(Lorg/junit/platform/engine/support/hierarchical/EngineExecutionContext;)V+5
j  org.junit.platform.engine.support.hierarchical.Node.around(Lorg/junit/platform/engine/support/hierarchical/EngineExecutionContext;Lorg/junit/platform/engine/support/hierarchical/Node$Invocation;)V+2
j  org.junit.platform.engine.support.hierarchical.NodeTestTask.lambda$executeRecursively$8()V+14
j  org.junit.platform.engine.support.hierarchical.NodeTestTask$$Lambda$166.execute()V+4
j  org.junit.platform.engine.support.hierarchical.ThrowableCollector.execute(Lorg/junit/platform/engine/support/hierarchical/ThrowableCollector$Executable;)V+1
j  org.junit.platform.engine.support.hierarchical.NodeTestTask.executeRecursively()V+31
j  org.junit.platform.engine.support.hierarchical.NodeTestTask.execute()V+55
j  org.junit.platform.engine.support.hierarchical.SameThreadHierarchicalTestExecutorService$$Lambda$172.accept(Ljava/lang/Object;)V+4
j  java.util.ArrayList.forEach(Ljava/util/function/Consumer;)V+46 java.base@11.0.3
j  org.junit.platform.engine.support.hierarchical.SameThreadHierarchicalTestExecutorService.invokeAll(Ljava/util/List;)V+6
j  org.junit.platform.engine.support.hierarchical.NodeTestTask.lambda$executeRecursively$5()V+116
j  org.junit.platform.engine.support.hierarchical.NodeTestTask$$Lambda$168.execute()V+4
j  org.junit.platform.engine.support.hierarchical.ThrowableCollector.execute(Lorg/junit/platform/engine/support/hierarchical/ThrowableCollector$Executable;)V+1
j  org.junit.platform.engine.support.hierarchical.NodeTestTask.lambda$executeRecursively$7(Lorg/junit/platform/engine/support/hierarchical/EngineExecutionContext;)V+15
j  org.junit.platform.engine.support.hierarchical.NodeTestTask$$Lambda$167.invoke(Lorg/junit/platform/engine/support/hierarchical/EngineExecutionContext;)V+5
j  org.junit.platform.engine.support.hierarchical.Node.around(Lorg/junit/platform/engine/support/hierarchical/EngineExecutionContext;Lorg/junit/platform/engine/support/hierarchical/Node$Invocation;)V+2
j  org.junit.platform.engine.support.hierarchical.NodeTestTask.lambda$executeRecursively$8()V+14
j  org.junit.platform.engine.support.hierarchical.NodeTestTask$$Lambda$166.execute()V+4
j  org.junit.platform.engine.support.hierarchical.ThrowableCollector.execute(Lorg/junit/platform/engine/support/hierarchical/ThrowableCollector$Executable;)V+1
j  org.junit.platform.engine.support.hierarchical.NodeTestTask.executeRecursively()V+31
j  org.junit.platform.engine.support.hierarchical.NodeTestTask.execute()V+55
j  org.junit.platform.engine.support.hierarchical.SameThreadHierarchicalTestExecutorService.submit(Lorg/junit/platform/engine/support/hierarchical/HierarchicalTestExecutorService$TestTask;)Ljava/util/concurrent/Future;+1
j  org.junit.platform.engine.support.hierarchical.HierarchicalTestExecutor.execute()Ljava/util/concurrent/Future;+74
j  org.junit.platform.engine.support.hierarchical.HierarchicalTestEngine.execute(Lorg/junit/platform/engine/ExecutionRequest;)V+31
j  org.junit.platform.launcher.core.DefaultLauncher.execute(Lorg/junit/platform/engine/TestEngine;Lorg/junit/platform/engine/ExecutionRequest;)V+2
j  org.junit.platform.launcher.core.DefaultLauncher.lambda$execute$6(Lorg/junit/platform/launcher/core/InternalTestPlan;Lorg/junit/platform/launcher/core/Root;Lorg/junit/platform/engine/ConfigurationParameters;Lorg/junit/platform/launcher/TestExecutionListener;)V+76
j  org.junit.platform.launcher.core.DefaultLauncher$$Lambda$139.accept(Ljava/lang/Object;)V+20
j  org.junit.platform.launcher.core.DefaultLauncher.withInterceptedStreams(Lorg/junit/platform/engine/ConfigurationParameters;Lorg/junit/platform/launcher/core/TestExecutionListenerRegistry;Ljava/util/function/Consumer;)V+43
j  org.junit.platform.launcher.core.DefaultLauncher.execute(Lorg/junit/platform/launcher/core/InternalTestPlan;[Lorg/junit/platform/launcher/TestExecutionListener;)V+33
j  org.junit.platform.launcher.core.DefaultLauncher.execute(Lorg/junit/platform/launcher/LauncherDiscoveryRequest;[Lorg/junit/platform/launcher/TestExecutionListener;)V+33
j  org.eclipse.jdt.internal.junit5.runner.JUnit5TestReference.run(Lorg/eclipse/jdt/internal/junit/runner/TestExecution;)V+30
j  org.eclipse.jdt.internal.junit.runner.TestExecution.run([Lorg/eclipse/jdt/internal/junit/runner/ITestReference;)V+17
j  org.eclipse.jdt.internal.junit.runner.RemoteTestRunner.runTests([Ljava/lang/String;Ljava/lang/String;Lorg/eclipse/jdt/internal/junit/runner/TestExecution;)V+62
j  org.eclipse.jdt.internal.junit.runner.RemoteTestRunner.runTests(Lorg/eclipse/jdt/internal/junit/runner/TestExecution;)V+10
j  org.eclipse.jdt.internal.junit.runner.RemoteTestRunner.run()V+70
j  org.eclipse.jdt.internal.junit.runner.RemoteTestRunner.main([Ljava/lang/String;)V+14
v  ~StubRoutines::call_stub

---------------  P R O C E S S  ---------------

Threads class SMR info:
_java_thread_list=0x00007fc6f01fc730, length=10, elements={
0x00007fc6f0012000, 0x00007fc6f0108800, 0x00007fc6f010a800, 0x00007fc6f0110000,
0x00007fc6f0112000, 0x00007fc6f0114000, 0x00007fc6f0116000, 0x00007fc6f0145000,
0x00007fc6f014d800, 0x00007fc6f01fd000
}

Java Threads: ( => current thread )
=>0x00007fc6f0012000 JavaThread "main" [_thread_in_vm, id=16622, stack(0x00007fc6f9742000,0x00007fc6f9843000)]
  0x00007fc6f0108800 JavaThread "Reference Handler" daemon [_thread_blocked, id=16640, stack(0x00007fc6c9eff000,0x00007fc6ca000000)]
  0x00007fc6f010a800 JavaThread "Finalizer" daemon [_thread_blocked, id=16641, stack(0x00007fc6c9dfe000,0x00007fc6c9eff000)]
  0x00007fc6f0110000 JavaThread "Signal Dispatcher" daemon [_thread_blocked, id=16642, stack(0x00007fc6c9a1d000,0x00007fc6c9b1e000)]
  0x00007fc6f0112000 JavaThread "C2 CompilerThread0" daemon [_thread_blocked, id=16643, stack(0x00007fc6c991c000,0x00007fc6c9a1d000)]
  0x00007fc6f0114000 JavaThread "C1 CompilerThread0" daemon [_thread_blocked, id=16644, stack(0x00007fc6c981b000,0x00007fc6c991c000)]
  0x00007fc6f0116000 JavaThread "Sweeper thread" daemon [_thread_blocked, id=16645, stack(0x00007fc6c971a000,0x00007fc6c981b000)]
  0x00007fc6f0145000 JavaThread "Service Thread" daemon [_thread_blocked, id=16646, stack(0x00007fc6c9619000,0x00007fc6c971a000)]
  0x00007fc6f014d800 JavaThread "Common-Cleaner" daemon [_thread_blocked, id=16648, stack(0x00007fc6c9416000,0x00007fc6c9517000)]
  0x00007fc6f01fd000 JavaThread "ReaderThread" [_thread_in_native, id=16664, stack(0x00007fc6c8cea000,0x00007fc6c8deb000)]

Other Threads:
  0x00007fc6f0105800 VMThread "VM Thread" [stack: 0x00007fc6d00ef000,0x00007fc6d01ef000] [id=16638]
  0x00007fc6f0147800 WatcherThread [stack: 0x00007fc6c9519000,0x00007fc6c9619000] [id=16647]
  0x00007fc6f0028800 GCTaskThread "GC Thread#0" [stack: 0x00007fc6f573e000,0x00007fc6f583e000] [id=16632]
  0x00007fc6bc001000 GCTaskThread "GC Thread#1" [stack: 0x00007fc6c88e4000,0x00007fc6c89e4000] [id=16671]
  0x00007fc6bc002800 GCTaskThread "GC Thread#2" [stack: 0x00007fc6c87e2000,0x00007fc6c88e2000] [id=16672]
  0x00007fc6bc004000 GCTaskThread "GC Thread#3" [stack: 0x00007fc6c86e0000,0x00007fc6c87e0000] [id=16673]
  0x00007fc6f0059000 ConcurrentGCThread "G1 Main Marker" [stack: 0x00007fc6f46ad000,0x00007fc6f47ad000] [id=16633]
  0x00007fc6f005b000 ConcurrentGCThread "G1 Conc#0" [stack: 0x00007fc6f45ab000,0x00007fc6f46ab000] [id=16634]
  0x00007fc6f00d3000 ConcurrentGCThread "G1 Refine#0" [stack: 0x00007fc6f40a5000,0x00007fc6f41a5000] [id=16635]
  0x00007fc6c0001000 ConcurrentGCThread "G1 Refine#1" [stack: 0x00007fc6c8bea000,0x00007fc6c8cea000] [id=16667]
  0x00007fc688001000 ConcurrentGCThread "G1 Refine#2" [stack: 0x00007fc6c8ae8000,0x00007fc6c8be8000] [id=16668]
  0x00007fc68c001000 ConcurrentGCThread "G1 Refine#3" [stack: 0x00007fc6c89e6000,0x00007fc6c8ae6000] [id=16669]
  0x00007fc6f00d5000 ConcurrentGCThread "G1 Young RemSet Sampling" [stack: 0x00007fc6d887e000,0x00007fc6d897e000] [id=16637]

Threads with active compile tasks:

VM state:not at safepoint (normal execution)

VM Mutex/Monitor currently owned by a thread:  ([mutex/lock_event])
[0x00007fc6f000ec50] Heap_lock - owner thread: 0x00007fc6f0012000

Heap address: 0x0000000084e00000, size: 1970 MB, Compressed Oops mode: 32-bit
Narrow klass base: 0x0000000800000000, Narrow klass shift: 3
Compressed class space size: 1073741824 Address: 0x0000000840000000

Heap:
 garbage-first heap   total 302080K, used 134170K [0x0000000084e00000, 0x0000000100000000)
  region size 1024K, 0 young (0K), 0 survivors (0K)
 Metaspace       used 4108K, capacity 6684K, committed 6784K, reserved 1056768K
  class space    used 508K, capacity 862K, committed 896K, reserved 1048576K
Heap Regions: E=young(eden), S=young(survivor), O=old, HS=humongous(starts), HC=humongous(continues), CS=collection set, F=free, A=archive, TAMS=top-at-mark-start (previous, next)
|   0|0x0000000084e00000, 0x0000000084f00000, 0x0000000084f00000|100%| O|  |TAMS 0x0000000084e00000, 0x0000000084f00000| Untracked 
|   1|0x0000000084f00000, 0x0000000084f67800, 0x0000000085000000| 40%| O|  |TAMS 0x0000000084f00000, 0x0000000084f67800| Untracked 
|   2|0x0000000085000000, 0x0000000085000000, 0x0000000085100000|  0%| F|  |TAMS 0x0000000085000000, 0x0000000085000000| Untracked 
|   3|0x0000000085100000, 0x0000000085100000, 0x0000000085200000|  0%| F|  |TAMS 0x0000000085100000, 0x0000000085100000| Untracked 
|   4|0x0000000085200000, 0x0000000085200000, 0x0000000085300000|  0%| F|  |TAMS 0x0000000085200000, 0x0000000085200000| Untracked 
|   5|0x0000000085300000, 0x0000000085300000, 0x0000000085400000|  0%| F|  |TAMS 0x0000000085300000, 0x0000000085300000| Untracked 
|   6|0x0000000085400000, 0x0000000085400000, 0x0000000085500000|  0%| F|  |TAMS 0x0000000085400000, 0x0000000085400000| Untracked 
|   7|0x0000000085500000, 0x0000000085500000, 0x0000000085600000|  0%| F|  |TAMS 0x0000000085500000, 0x0000000085500000| Untracked 
|   8|0x0000000085600000, 0x0000000085600000, 0x0000000085700000|  0%| F|  |TAMS 0x0000000085600000, 0x0000000085600000| Untracked 
|   9|0x0000000085700000, 0x0000000085700000, 0x0000000085800000|  0%| F|  |TAMS 0x0000000085700000, 0x0000000085700000| Untracked 
|  10|0x0000000085800000, 0x0000000085800000, 0x0000000085900000|  0%| F|  |TAMS 0x0000000085800000, 0x0000000085800000| Untracked 
|  11|0x0000000085900000, 0x0000000085900000, 0x0000000085a00000|  0%| F|  |TAMS 0x0000000085900000, 0x0000000085900000| Untracked 
|  12|0x0000000085a00000, 0x0000000085a00000, 0x0000000085b00000|  0%| F|  |TAMS 0x0000000085a00000, 0x0000000085a00000| Untracked 
|  13|0x0000000085b00000, 0x0000000085b00000, 0x0000000085c00000|  0%| F|  |TAMS 0x0000000085b00000, 0x0000000085b00000| Untracked 
|  14|0x0000000085c00000, 0x0000000085c00000, 0x0000000085d00000|  0%| F|  |TAMS 0x0000000085c00000, 0x0000000085c00000| Untracked 
|  15|0x0000000085d00000, 0x0000000085d00000, 0x0000000085e00000|  0%| F|  |TAMS 0x0000000085d00000, 0x0000000085d00000| Untracked 
|  16|0x0000000085e00000, 0x0000000085e00000, 0x0000000085f00000|  0%| F|  |TAMS 0x0000000085e00000, 0x0000000085e00000| Untracked 
|  17|0x0000000085f00000, 0x0000000085f00000, 0x0000000086000000|  0%| F|  |TAMS 0x0000000085f00000, 0x0000000085f00000| Untracked 
|  18|0x0000000086000000, 0x0000000086000000, 0x0000000086100000|  0%| F|  |TAMS 0x0000000086000000, 0x0000000086000000| Untracked 
|  19|0x0000000086100000, 0x0000000086100000, 0x0000000086200000|  0%| F|  |TAMS 0x0000000086100000, 0x0000000086100000| Untracked 
|  20|0x0000000086200000, 0x0000000086200000, 0x0000000086300000|  0%| F|  |TAMS 0x0000000086200000, 0x0000000086200000| Untracked 
|  21|0x0000000086300000, 0x0000000086300000, 0x0000000086400000|  0%| F|  |TAMS 0x0000000086300000, 0x0000000086300000| Untracked 
|  22|0x0000000086400000, 0x0000000086400000, 0x0000000086500000|  0%| F|  |TAMS 0x0000000086400000, 0x0000000086400000| Untracked 
|  23|0x0000000086500000, 0x0000000086500000, 0x0000000086600000|  0%| F|  |TAMS 0x0000000086500000, 0x0000000086500000| Untracked 
|  24|0x0000000086600000, 0x0000000086600000, 0x0000000086700000|  0%| F|  |TAMS 0x0000000086600000, 0x0000000086600000| Untracked 
|  25|0x0000000086700000, 0x0000000086700000, 0x0000000086800000|  0%| F|  |TAMS 0x0000000086700000, 0x0000000086700000| Untracked 
|  26|0x0000000086800000, 0x0000000086800000, 0x0000000086900000|  0%| F|  |TAMS 0x0000000086800000, 0x0000000086800000| Untracked 
|  27|0x0000000086900000, 0x0000000086900000, 0x0000000086a00000|  0%| F|  |TAMS 0x0000000086900000, 0x0000000086900000| Untracked 
|  28|0x0000000086a00000, 0x0000000086a00000, 0x0000000086b00000|  0%| F|  |TAMS 0x0000000086a00000, 0x0000000086a00000| Untracked 
|  29|0x0000000086b00000, 0x0000000086b00000, 0x0000000086c00000|  0%| F|  |TAMS 0x0000000086b00000, 0x0000000086b00000| Untracked 
|  30|0x0000000086c00000, 0x0000000086c00000, 0x0000000086d00000|  0%| F|  |TAMS 0x0000000086c00000, 0x0000000086c00000| Untracked 
|  31|0x0000000086d00000, 0x0000000086d00000, 0x0000000086e00000|  0%| F|  |TAMS 0x0000000086d00000, 0x0000000086d00000| Untracked 
|  32|0x0000000086e00000, 0x0000000086e00000, 0x0000000086f00000|  0%| F|  |TAMS 0x0000000086e00000, 0x0000000086e00000| Untracked 
|  33|0x0000000086f00000, 0x0000000086f00000, 0x0000000087000000|  0%| F|  |TAMS 0x0000000086f00000, 0x0000000086f00000| Untracked 
|  34|0x0000000087000000, 0x0000000087100000, 0x0000000087100000|100%|HS|  |TAMS 0x0000000087100000, 0x0000000087100000| Complete 
|  35|0x0000000087100000, 0x0000000087200000, 0x0000000087200000|100%|HC|  |TAMS 0x0000000087200000, 0x0000000087200000| Complete 
|  36|0x0000000087200000, 0x0000000087300000, 0x0000000087300000|100%|HC|  |TAMS 0x0000000087300000, 0x0000000087300000| Complete 
|  37|0x0000000087300000, 0x0000000087400000, 0x0000000087400000|100%|HC|  |TAMS 0x0000000087400000, 0x0000000087400000| Complete 
|  38|0x0000000087400000, 0x0000000087500000, 0x0000000087500000|100%|HC|  |TAMS 0x0000000087500000, 0x0000000087500000| Complete 
|  39|0x0000000087500000, 0x0000000087600000, 0x0000000087600000|100%|HC|  |TAMS 0x0000000087600000, 0x0000000087600000| Complete 
|  40|0x0000000087600000, 0x0000000087700000, 0x0000000087700000|100%|HC|  |TAMS 0x0000000087700000, 0x0000000087700000| Complete 
|  41|0x0000000087700000, 0x0000000087800000, 0x0000000087800000|100%|HC|  |TAMS 0x0000000087800000, 0x0000000087800000| Complete 
|  42|0x0000000087800000, 0x0000000087900000, 0x0000000087900000|100%|HC|  |TAMS 0x0000000087900000, 0x0000000087900000| Complete 
|  43|0x0000000087900000, 0x0000000087a00000, 0x0000000087a00000|100%|HC|  |TAMS 0x0000000087a00000, 0x0000000087a00000| Complete 
|  44|0x0000000087a00000, 0x0000000087b00000, 0x0000000087b00000|100%|HC|  |TAMS 0x0000000087b00000, 0x0000000087b00000| Complete 
|  45|0x0000000087b00000, 0x0000000087c00000, 0x0000000087c00000|100%|HC|  |TAMS 0x0000000087c00000, 0x0000000087c00000| Complete 
|  46|0x0000000087c00000, 0x0000000087d00000, 0x0000000087d00000|100%|HC|  |TAMS 0x0000000087d00000, 0x0000000087d00000| Complete 
|  47|0x0000000087d00000, 0x0000000087e00000, 0x0000000087e00000|100%|HC|  |TAMS 0x0000000087e00000, 0x0000000087e00000| Complete 
|  48|0x0000000087e00000, 0x0000000087f00000, 0x0000000087f00000|100%|HC|  |TAMS 0x0000000087f00000, 0x0000000087f00000| Complete 
|  49|0x0000000087f00000, 0x0000000088000000, 0x0000000088000000|100%|HC|  |TAMS 0x0000000088000000, 0x0000000088000000| Complete 
|  50|0x0000000088000000, 0x0000000088100000, 0x0000000088100000|100%|HS|  |TAMS 0x0000000088000000, 0x0000000088100000| Complete 
|  51|0x0000000088100000, 0x0000000088200000, 0x0000000088200000|100%|HC|  |TAMS 0x0000000088100000, 0x0000000088200000| Complete 
|  52|0x0000000088200000, 0x0000000088300000, 0x0000000088300000|100%|HC|  |TAMS 0x0000000088200000, 0x0000000088300000| Complete 
|  53|0x0000000088300000, 0x0000000088400000, 0x0000000088400000|100%|HC|  |TAMS 0x0000000088300000, 0x0000000088400000| Complete 
|  54|0x0000000088400000, 0x0000000088500000, 0x0000000088500000|100%|HC|  |TAMS 0x0000000088400000, 0x0000000088500000| Complete 
|  55|0x0000000088500000, 0x0000000088600000, 0x0000000088600000|100%|HC|  |TAMS 0x0000000088500000, 0x0000000088600000| Complete 
|  56|0x0000000088600000, 0x0000000088700000, 0x0000000088700000|100%|HC|  |TAMS 0x0000000088600000, 0x0000000088700000| Complete 
|  57|0x0000000088700000, 0x0000000088800000, 0x0000000088800000|100%|HC|  |TAMS 0x0000000088700000, 0x0000000088800000| Complete 
|  58|0x0000000088800000, 0x0000000088900000, 0x0000000088900000|100%|HC|  |TAMS 0x0000000088800000, 0x0000000088900000| Complete 
|  59|0x0000000088900000, 0x0000000088a00000, 0x0000000088a00000|100%|HC|  |TAMS 0x0000000088900000, 0x0000000088a00000| Complete 
|  60|0x0000000088a00000, 0x0000000088b00000, 0x0000000088b00000|100%|HC|  |TAMS 0x0000000088a00000, 0x0000000088b00000| Complete 
|  61|0x0000000088b00000, 0x0000000088c00000, 0x0000000088c00000|100%|HC|  |TAMS 0x0000000088b00000, 0x0000000088c00000| Complete 
|  62|0x0000000088c00000, 0x0000000088d00000, 0x0000000088d00000|100%|HC|  |TAMS 0x0000000088c00000, 0x0000000088d00000| Complete 
|  63|0x0000000088d00000, 0x0000000088e00000, 0x0000000088e00000|100%|HC|  |TAMS 0x0000000088d00000, 0x0000000088e00000| Complete 
|  64|0x0000000088e00000, 0x0000000088f00000, 0x0000000088f00000|100%|HC|  |TAMS 0x0000000088e00000, 0x0000000088f00000| Complete 
|  65|0x0000000088f00000, 0x0000000089000000, 0x0000000089000000|100%|HC|  |TAMS 0x0000000088f00000, 0x0000000089000000| Complete 
|  66|0x0000000089000000, 0x0000000089100000, 0x0000000089100000|100%|HC|  |TAMS 0x0000000089000000, 0x0000000089100000| Complete 
|  67|0x0000000089100000, 0x0000000089200000, 0x0000000089200000|100%|HC|  |TAMS 0x0000000089100000, 0x0000000089200000| Complete 
|  68|0x0000000089200000, 0x0000000089300000, 0x0000000089300000|100%|HC|  |TAMS 0x0000000089200000, 0x0000000089300000| Complete 
|  69|0x0000000089300000, 0x0000000089400000, 0x0000000089400000|100%|HC|  |TAMS 0x0000000089300000, 0x0000000089400000| Complete 
|  70|0x0000000089400000, 0x0000000089500000, 0x0000000089500000|100%|HC|  |TAMS 0x0000000089400000, 0x0000000089500000| Complete 
|  71|0x0000000089500000, 0x0000000089600000, 0x0000000089600000|100%|HC|  |TAMS 0x0000000089500000, 0x0000000089600000| Complete 
|  72|0x0000000089600000, 0x0000000089700000, 0x0000000089700000|100%|HC|  |TAMS 0x0000000089600000, 0x0000000089700000| Complete 
|  73|0x0000000089700000, 0x0000000089800000, 0x0000000089800000|100%|HC|  |TAMS 0x0000000089700000, 0x0000000089800000| Complete 
|  74|0x0000000089800000, 0x0000000089800000, 0x0000000089900000|  0%| F|  |TAMS 0x0000000089800000, 0x0000000089800000| Untracked 
|  75|0x0000000089900000, 0x0000000089900000, 0x0000000089a00000|  0%| F|  |TAMS 0x0000000089900000, 0x0000000089900000| Untracked 
|  76|0x0000000089a00000, 0x0000000089a00000, 0x0000000089b00000|  0%| F|  |TAMS 0x0000000089a00000, 0x0000000089a00000| Untracked 
|  77|0x0000000089b00000, 0x0000000089b00000, 0x0000000089c00000|  0%| F|  |TAMS 0x0000000089b00000, 0x0000000089b00000| Untracked 
|  78|0x0000000089c00000, 0x0000000089c00000, 0x0000000089d00000|  0%| F|  |TAMS 0x0000000089c00000, 0x0000000089c00000| Untracked 
|  79|0x0000000089d00000, 0x0000000089d00000, 0x0000000089e00000|  0%| F|  |TAMS 0x0000000089d00000, 0x0000000089d00000| Untracked 
|  80|0x0000000089e00000, 0x0000000089e00000, 0x0000000089f00000|  0%| F|  |TAMS 0x0000000089e00000, 0x0000000089e00000| Untracked 
|  81|0x0000000089f00000, 0x0000000089f00000, 0x000000008a000000|  0%| F|  |TAMS 0x0000000089f00000, 0x0000000089f00000| Untracked 
|  82|0x000000008a000000, 0x000000008a000000, 0x000000008a100000|  0%| F|  |TAMS 0x000000008a000000, 0x000000008a000000| Untracked 
|  83|0x000000008a100000, 0x000000008a100000, 0x000000008a200000|  0%| F|  |TAMS 0x000000008a100000, 0x000000008a100000| Untracked 
|  84|0x000000008a200000, 0x000000008a200000, 0x000000008a300000|  0%| F|  |TAMS 0x000000008a200000, 0x000000008a200000| Untracked 
|  85|0x000000008a300000, 0x000000008a300000, 0x000000008a400000|  0%| F|  |TAMS 0x000000008a300000, 0x000000008a300000| Untracked 
|  86|0x000000008a400000, 0x000000008a400000, 0x000000008a500000|  0%| F|  |TAMS 0x000000008a400000, 0x000000008a400000| Untracked 
|  87|0x000000008a500000, 0x000000008a500000, 0x000000008a600000|  0%| F|  |TAMS 0x000000008a500000, 0x000000008a500000| Untracked 
|  88|0x000000008a600000, 0x000000008a600000, 0x000000008a700000|  0%| F|  |TAMS 0x000000008a600000, 0x000000008a600000| Untracked 
|  89|0x000000008a700000, 0x000000008a700000, 0x000000008a800000|  0%| F|  |TAMS 0x000000008a700000, 0x000000008a700000| Untracked 
|  90|0x000000008a800000, 0x000000008a800000, 0x000000008a900000|  0%| F|  |TAMS 0x000000008a800000, 0x000000008a800000| Untracked 
|  91|0x000000008a900000, 0x000000008a900000, 0x000000008aa00000|  0%| F|  |TAMS 0x000000008a900000, 0x000000008a900000| Untracked 
|  92|0x000000008aa00000, 0x000000008aa00000, 0x000000008ab00000|  0%| F|  |TAMS 0x000000008aa00000, 0x000000008aa00000| Untracked 
|  93|0x000000008ab00000, 0x000000008ab00000, 0x000000008ac00000|  0%| F|  |TAMS 0x000000008ab00000, 0x000000008ab00000| Untracked 
|  94|0x000000008ac00000, 0x000000008ac00000, 0x000000008ad00000|  0%| F|  |TAMS 0x000000008ac00000, 0x000000008ac00000| Untracked 
|  95|0x000000008ad00000, 0x000000008ad00000, 0x000000008ae00000|  0%| F|  |TAMS 0x000000008ad00000, 0x000000008ad00000| Untracked 
|  96|0x000000008ae00000, 0x000000008ae00000, 0x000000008af00000|  0%| F|  |TAMS 0x000000008ae00000, 0x000000008ae00000| Untracked 
|  97|0x000000008af00000, 0x000000008af00000, 0x000000008b000000|  0%| F|  |TAMS 0x000000008af00000, 0x000000008af00000| Untracked 
|  98|0x000000008b000000, 0x000000008b000000, 0x000000008b100000|  0%| F|  |TAMS 0x000000008b000000, 0x000000008b000000| Untracked 
|  99|0x000000008b100000, 0x000000008b100000, 0x000000008b200000|  0%| F|  |TAMS 0x000000008b100000, 0x000000008b100000| Untracked 
| 100|0x000000008b200000, 0x000000008b200000, 0x000000008b300000|  0%| F|  |TAMS 0x000000008b200000, 0x000000008b200000| Untracked 
| 101|0x000000008b300000, 0x000000008b300000, 0x000000008b400000|  0%| F|  |TAMS 0x000000008b300000, 0x000000008b300000| Untracked 
| 102|0x000000008b400000, 0x000000008b400000, 0x000000008b500000|  0%| F|  |TAMS 0x000000008b400000, 0x000000008b400000| Untracked 
| 103|0x000000008b500000, 0x000000008b500000, 0x000000008b600000|  0%| F|  |TAMS 0x000000008b500000, 0x000000008b500000| Untracked 
| 104|0x000000008b600000, 0x000000008b600000, 0x000000008b700000|  0%| F|  |TAMS 0x000000008b600000, 0x000000008b600000| Untracked 
| 105|0x000000008b700000, 0x000000008b700000, 0x000000008b800000|  0%| F|  |TAMS 0x000000008b700000, 0x000000008b700000| Untracked 
| 106|0x000000008b800000, 0x000000008b800000, 0x000000008b900000|  0%| F|  |TAMS 0x000000008b800000, 0x000000008b800000| Untracked 
| 107|0x000000008b900000, 0x000000008b900000, 0x000000008ba00000|  0%| F|  |TAMS 0x000000008b900000, 0x000000008b900000| Untracked 
| 108|0x000000008ba00000, 0x000000008ba00000, 0x000000008bb00000|  0%| F|  |TAMS 0x000000008ba00000, 0x000000008ba00000| Untracked 
| 109|0x000000008bb00000, 0x000000008bb00000, 0x000000008bc00000|  0%| F|  |TAMS 0x000000008bb00000, 0x000000008bb00000| Untracked 
| 110|0x000000008bc00000, 0x000000008bd00000, 0x000000008bd00000|100%|HS|  |TAMS 0x000000008bc00000, 0x000000008bd00000| Complete 
| 111|0x000000008bd00000, 0x000000008be00000, 0x000000008be00000|100%|HC|  |TAMS 0x000000008bd00000, 0x000000008be00000| Complete 
| 112|0x000000008be00000, 0x000000008bf00000, 0x000000008bf00000|100%|HC|  |TAMS 0x000000008be00000, 0x000000008bf00000| Complete 
| 113|0x000000008bf00000, 0x000000008c000000, 0x000000008c000000|100%|HC|  |TAMS 0x000000008bf00000, 0x000000008c000000| Complete 
| 114|0x000000008c000000, 0x000000008c100000, 0x000000008c100000|100%|HC|  |TAMS 0x000000008c000000, 0x000000008c100000| Complete 
| 115|0x000000008c100000, 0x000000008c200000, 0x000000008c200000|100%|HC|  |TAMS 0x000000008c100000, 0x000000008c200000| Complete 
| 116|0x000000008c200000, 0x000000008c300000, 0x000000008c300000|100%|HC|  |TAMS 0x000000008c200000, 0x000000008c300000| Complete 
| 117|0x000000008c300000, 0x000000008c400000, 0x000000008c400000|100%|HC|  |TAMS 0x000000008c300000, 0x000000008c400000| Complete 
| 118|0x000000008c400000, 0x000000008c500000, 0x000000008c500000|100%|HC|  |TAMS 0x000000008c400000, 0x000000008c500000| Complete 
| 119|0x000000008c500000, 0x000000008c600000, 0x000000008c600000|100%|HC|  |TAMS 0x000000008c500000, 0x000000008c600000| Complete 
| 120|0x000000008c600000, 0x000000008c700000, 0x000000008c700000|100%|HC|  |TAMS 0x000000008c600000, 0x000000008c700000| Complete 
| 121|0x000000008c700000, 0x000000008c800000, 0x000000008c800000|100%|HC|  |TAMS 0x000000008c700000, 0x000000008c800000| Complete 
| 122|0x000000008c800000, 0x000000008c900000, 0x000000008c900000|100%|HC|  |TAMS 0x000000008c800000, 0x000000008c900000| Complete 
| 123|0x000000008c900000, 0x000000008ca00000, 0x000000008ca00000|100%|HC|  |TAMS 0x000000008c900000, 0x000000008ca00000| Complete 
| 124|0x000000008ca00000, 0x000000008cb00000, 0x000000008cb00000|100%|HC|  |TAMS 0x000000008ca00000, 0x000000008cb00000| Complete 
| 125|0x000000008cb00000, 0x000000008cc00000, 0x000000008cc00000|100%|HC|  |TAMS 0x000000008cb00000, 0x000000008cc00000| Complete 
| 126|0x000000008cc00000, 0x000000008cd00000, 0x000000008cd00000|100%|HC|  |TAMS 0x000000008cc00000, 0x000000008cd00000| Complete 
| 127|0x000000008cd00000, 0x000000008ce00000, 0x000000008ce00000|100%|HC|  |TAMS 0x000000008cd00000, 0x000000008ce00000| Complete 
| 128|0x000000008ce00000, 0x000000008cf00000, 0x000000008cf00000|100%|HC|  |TAMS 0x000000008ce00000, 0x000000008cf00000| Complete 
| 129|0x000000008cf00000, 0x000000008d000000, 0x000000008d000000|100%|HC|  |TAMS 0x000000008cf00000, 0x000000008d000000| Complete 
| 130|0x000000008d000000, 0x000000008d100000, 0x000000008d100000|100%|HC|  |TAMS 0x000000008d000000, 0x000000008d100000| Complete 
| 131|0x000000008d100000, 0x000000008d200000, 0x000000008d200000|100%|HC|  |TAMS 0x000000008d100000, 0x000000008d200000| Complete 
| 132|0x000000008d200000, 0x000000008d300000, 0x000000008d300000|100%|HC|  |TAMS 0x000000008d200000, 0x000000008d300000| Complete 
| 133|0x000000008d300000, 0x000000008d400000, 0x000000008d400000|100%|HC|  |TAMS 0x000000008d300000, 0x000000008d400000| Complete 
| 134|0x000000008d400000, 0x000000008d500000, 0x000000008d500000|100%|HC|  |TAMS 0x000000008d400000, 0x000000008d500000| Complete 
| 135|0x000000008d500000, 0x000000008d600000, 0x000000008d600000|100%|HC|  |TAMS 0x000000008d500000, 0x000000008d600000| Complete 
| 136|0x000000008d600000, 0x000000008d700000, 0x000000008d700000|100%|HC|  |TAMS 0x000000008d600000, 0x000000008d700000| Complete 
| 137|0x000000008d700000, 0x000000008d800000, 0x000000008d800000|100%|HC|  |TAMS 0x000000008d700000, 0x000000008d800000| Complete 
| 138|0x000000008d800000, 0x000000008d900000, 0x000000008d900000|100%|HC|  |TAMS 0x000000008d800000, 0x000000008d900000| Complete 
| 139|0x000000008d900000, 0x000000008da00000, 0x000000008da00000|100%|HC|  |TAMS 0x000000008d900000, 0x000000008da00000| Complete 
| 140|0x000000008da00000, 0x000000008db00000, 0x000000008db00000|100%|HC|  |TAMS 0x000000008da00000, 0x000000008db00000| Complete 
| 141|0x000000008db00000, 0x000000008dc00000, 0x000000008dc00000|100%|HC|  |TAMS 0x000000008db00000, 0x000000008dc00000| Complete 
| 142|0x000000008dc00000, 0x000000008dd00000, 0x000000008dd00000|100%|HC|  |TAMS 0x000000008dc00000, 0x000000008dd00000| Complete 
| 143|0x000000008dd00000, 0x000000008de00000, 0x000000008de00000|100%|HC|  |TAMS 0x000000008dd00000, 0x000000008de00000| Complete 
| 144|0x000000008de00000, 0x000000008df00000, 0x000000008df00000|100%|HC|  |TAMS 0x000000008de00000, 0x000000008df00000| Complete 
| 145|0x000000008df00000, 0x000000008e000000, 0x000000008e000000|100%|HC|  |TAMS 0x000000008df00000, 0x000000008e000000| Complete 
| 146|0x000000008e000000, 0x000000008e100000, 0x000000008e100000|100%|HS|  |TAMS 0x000000008e000000, 0x000000008e100000| Complete 
| 147|0x000000008e100000, 0x000000008e200000, 0x000000008e200000|100%|HC|  |TAMS 0x000000008e100000, 0x000000008e200000| Complete 
| 148|0x000000008e200000, 0x000000008e300000, 0x000000008e300000|100%|HC|  |TAMS 0x000000008e200000, 0x000000008e300000| Complete 
| 149|0x000000008e300000, 0x000000008e400000, 0x000000008e400000|100%|HC|  |TAMS 0x000000008e300000, 0x000000008e400000| Complete 
| 150|0x000000008e400000, 0x000000008e500000, 0x000000008e500000|100%|HC|  |TAMS 0x000000008e400000, 0x000000008e500000| Complete 
| 151|0x000000008e500000, 0x000000008e600000, 0x000000008e600000|100%|HC|  |TAMS 0x000000008e500000, 0x000000008e600000| Complete 
| 152|0x000000008e600000, 0x000000008e700000, 0x000000008e700000|100%|HC|  |TAMS 0x000000008e600000, 0x000000008e700000| Complete 
| 153|0x000000008e700000, 0x000000008e800000, 0x000000008e800000|100%|HC|  |TAMS 0x000000008e700000, 0x000000008e800000| Complete 
| 154|0x000000008e800000, 0x000000008e900000, 0x000000008e900000|100%|HC|  |TAMS 0x000000008e800000, 0x000000008e900000| Complete 
| 155|0x000000008e900000, 0x000000008ea00000, 0x000000008ea00000|100%|HC|  |TAMS 0x000000008e900000, 0x000000008ea00000| Complete 
| 156|0x000000008ea00000, 0x000000008eb00000, 0x000000008eb00000|100%|HC|  |TAMS 0x000000008ea00000, 0x000000008eb00000| Complete 
| 157|0x000000008eb00000, 0x000000008ec00000, 0x000000008ec00000|100%|HC|  |TAMS 0x000000008eb00000, 0x000000008ec00000| Complete 
| 158|0x000000008ec00000, 0x000000008ed00000, 0x000000008ed00000|100%|HC|  |TAMS 0x000000008ec00000, 0x000000008ed00000| Complete 
| 159|0x000000008ed00000, 0x000000008ee00000, 0x000000008ee00000|100%|HC|  |TAMS 0x000000008ed00000, 0x000000008ee00000| Complete 
| 160|0x000000008ee00000, 0x000000008ef00000, 0x000000008ef00000|100%|HC|  |TAMS 0x000000008ee00000, 0x000000008ef00000| Complete 
| 161|0x000000008ef00000, 0x000000008f000000, 0x000000008f000000|100%|HC|  |TAMS 0x000000008ef00000, 0x000000008f000000| Complete 
| 162|0x000000008f000000, 0x000000008f100000, 0x000000008f100000|100%|HC|  |TAMS 0x000000008f000000, 0x000000008f100000| Complete 
| 163|0x000000008f100000, 0x000000008f200000, 0x000000008f200000|100%|HC|  |TAMS 0x000000008f100000, 0x000000008f200000| Complete 
| 164|0x000000008f200000, 0x000000008f300000, 0x000000008f300000|100%|HC|  |TAMS 0x000000008f200000, 0x000000008f300000| Complete 
| 165|0x000000008f300000, 0x000000008f400000, 0x000000008f400000|100%|HC|  |TAMS 0x000000008f300000, 0x000000008f400000| Complete 
| 166|0x000000008f400000, 0x000000008f500000, 0x000000008f500000|100%|HC|  |TAMS 0x000000008f400000, 0x000000008f500000| Complete 
| 167|0x000000008f500000, 0x000000008f600000, 0x000000008f600000|100%|HC|  |TAMS 0x000000008f500000, 0x000000008f600000| Complete 
| 168|0x000000008f600000, 0x000000008f700000, 0x000000008f700000|100%|HC|  |TAMS 0x000000008f600000, 0x000000008f700000| Complete 
| 169|0x000000008f700000, 0x000000008f800000, 0x000000008f800000|100%|HC|  |TAMS 0x000000008f700000, 0x000000008f800000| Complete 
| 170|0x000000008f800000, 0x000000008f900000, 0x000000008f900000|100%|HC|  |TAMS 0x000000008f800000, 0x000000008f900000| Complete 
| 171|0x000000008f900000, 0x000000008fa00000, 0x000000008fa00000|100%|HC|  |TAMS 0x000000008f900000, 0x000000008fa00000| Complete 
| 172|0x000000008fa00000, 0x000000008fb00000, 0x000000008fb00000|100%|HC|  |TAMS 0x000000008fa00000, 0x000000008fb00000| Complete 
| 173|0x000000008fb00000, 0x000000008fc00000, 0x000000008fc00000|100%|HC|  |TAMS 0x000000008fb00000, 0x000000008fc00000| Complete 
| 174|0x000000008fc00000, 0x000000008fd00000, 0x000000008fd00000|100%|HC|  |TAMS 0x000000008fc00000, 0x000000008fd00000| Complete 
| 175|0x000000008fd00000, 0x000000008fe00000, 0x000000008fe00000|100%|HC|  |TAMS 0x000000008fd00000, 0x000000008fe00000| Complete 
| 176|0x000000008fe00000, 0x000000008ff00000, 0x000000008ff00000|100%|HC|  |TAMS 0x000000008fe00000, 0x000000008ff00000| Complete 
| 177|0x000000008ff00000, 0x0000000090000000, 0x0000000090000000|100%|HC|  |TAMS 0x000000008ff00000, 0x0000000090000000| Complete 
| 178|0x0000000090000000, 0x0000000090100000, 0x0000000090100000|100%|HC|  |TAMS 0x0000000090000000, 0x0000000090100000| Complete 
| 179|0x0000000090100000, 0x0000000090200000, 0x0000000090200000|100%|HC|  |TAMS 0x0000000090100000, 0x0000000090200000| Complete 
| 180|0x0000000090200000, 0x0000000090300000, 0x0000000090300000|100%|HC|  |TAMS 0x0000000090200000, 0x0000000090300000| Complete 
| 181|0x0000000090300000, 0x0000000090400000, 0x0000000090400000|100%|HC|  |TAMS 0x0000000090300000, 0x0000000090400000| Complete 
| 182|0x0000000090400000, 0x0000000090500000, 0x0000000090500000|100%|HC|  |TAMS 0x0000000090400000, 0x0000000090500000| Complete 
| 183|0x0000000090500000, 0x0000000090600000, 0x0000000090600000|100%|HC|  |TAMS 0x0000000090500000, 0x0000000090600000| Complete 
| 184|0x0000000090600000, 0x0000000090700000, 0x0000000090700000|100%|HC|  |TAMS 0x0000000090600000, 0x0000000090700000| Complete 
| 185|0x0000000090700000, 0x0000000090800000, 0x0000000090800000|100%|HC|  |TAMS 0x0000000090700000, 0x0000000090800000| Complete 
| 186|0x0000000090800000, 0x0000000090900000, 0x0000000090900000|100%|HC|  |TAMS 0x0000000090800000, 0x0000000090900000| Complete 
| 187|0x0000000090900000, 0x0000000090a00000, 0x0000000090a00000|100%|HC|  |TAMS 0x0000000090900000, 0x0000000090a00000| Complete 
| 188|0x0000000090a00000, 0x0000000090b00000, 0x0000000090b00000|100%|HC|  |TAMS 0x0000000090a00000, 0x0000000090b00000| Complete 
| 189|0x0000000090b00000, 0x0000000090c00000, 0x0000000090c00000|100%|HC|  |TAMS 0x0000000090b00000, 0x0000000090c00000| Complete 
| 190|0x0000000090c00000, 0x0000000090d00000, 0x0000000090d00000|100%|HC|  |TAMS 0x0000000090c00000, 0x0000000090d00000| Complete 
| 191|0x0000000090d00000, 0x0000000090e00000, 0x0000000090e00000|100%|HC|  |TAMS 0x0000000090d00000, 0x0000000090e00000| Complete 
| 192|0x0000000090e00000, 0x0000000090f00000, 0x0000000090f00000|100%|HC|  |TAMS 0x0000000090e00000, 0x0000000090f00000| Complete 
| 193|0x0000000090f00000, 0x0000000091000000, 0x0000000091000000|100%|HC|  |TAMS 0x0000000090f00000, 0x0000000091000000| Complete 
| 194|0x0000000091000000, 0x0000000091100000, 0x0000000091100000|100%|HC|  |TAMS 0x0000000091000000, 0x0000000091100000| Complete 
| 195|0x0000000091100000, 0x0000000091200000, 0x0000000091200000|100%|HC|  |TAMS 0x0000000091100000, 0x0000000091200000| Complete 
| 196|0x0000000091200000, 0x0000000091300000, 0x0000000091300000|100%|HC|  |TAMS 0x0000000091200000, 0x0000000091300000| Complete 
| 197|0x0000000091300000, 0x0000000091400000, 0x0000000091400000|100%|HC|  |TAMS 0x0000000091300000, 0x0000000091400000| Complete 
| 198|0x0000000091400000, 0x0000000091500000, 0x0000000091500000|100%|HC|  |TAMS 0x0000000091400000, 0x0000000091500000| Complete 
| 199|0x0000000091500000, 0x0000000091500000, 0x0000000091600000|  0%| F|  |TAMS 0x0000000091500000, 0x0000000091500000| Untracked 
| 200|0x0000000091600000, 0x0000000091600000, 0x0000000091700000|  0%| F|  |TAMS 0x0000000091600000, 0x0000000091600000| Untracked 
| 201|0x0000000091700000, 0x0000000091700000, 0x0000000091800000|  0%| F|  |TAMS 0x0000000091700000, 0x0000000091700000| Untracked 
| 202|0x0000000091800000, 0x0000000091800000, 0x0000000091900000|  0%| F|  |TAMS 0x0000000091800000, 0x0000000091800000| Untracked 
| 203|0x0000000091900000, 0x0000000091900000, 0x0000000091a00000|  0%| F|  |TAMS 0x0000000091900000, 0x0000000091900000| Untracked 
| 204|0x0000000091a00000, 0x0000000091a00000, 0x0000000091b00000|  0%| F|  |TAMS 0x0000000091a00000, 0x0000000091a00000| Untracked 
| 205|0x0000000091b00000, 0x0000000091b00000, 0x0000000091c00000|  0%| F|  |TAMS 0x0000000091b00000, 0x0000000091b00000| Untracked 
| 206|0x0000000091c00000, 0x0000000091c00000, 0x0000000091d00000|  0%| F|  |TAMS 0x0000000091c00000, 0x0000000091c00000| Untracked 
| 207|0x0000000091d00000, 0x0000000091d00000, 0x0000000091e00000|  0%| F|  |TAMS 0x0000000091d00000, 0x0000000091d00000| Untracked 
| 208|0x0000000091e00000, 0x0000000091e00000, 0x0000000091f00000|  0%| F|  |TAMS 0x0000000091e00000, 0x0000000091e00000| Untracked 
| 209|0x0000000091f00000, 0x0000000091f00000, 0x0000000092000000|  0%| F|  |TAMS 0x0000000091f00000, 0x0000000091f00000| Untracked 
| 210|0x0000000092000000, 0x0000000092000000, 0x0000000092100000|  0%| F|  |TAMS 0x0000000092000000, 0x0000000092000000| Untracked 
| 211|0x0000000092100000, 0x0000000092100000, 0x0000000092200000|  0%| F|  |TAMS 0x0000000092100000, 0x0000000092100000| Untracked 
| 212|0x0000000092200000, 0x0000000092200000, 0x0000000092300000|  0%| F|  |TAMS 0x0000000092200000, 0x0000000092200000| Untracked 
|1968|0x00000000ffe00000, 0x00000000ffe35000, 0x00000000fff00000| 20%|OA|  |TAMS 0x00000000ffe35000, 0x00000000ffe35000| Untracked 
|1969|0x00000000fff00000, 0x00000000fff6a000, 0x0000000100000000| 41%|CA|  |TAMS 0x00000000fff6a000, 0x00000000fff6a000| Untracked 

Card table byte_map: [0x00007fc6f4b86000,0x00007fc6f4f5f000] _byte_map_base: 0x00007fc6f475f000

Marking Bits (Prev, Next): (CMBitMap*) 0x00007fc6f0050b20, (CMBitMap*) 0x00007fc6f0050ae8
 Prev Bits: [0x00007fc6d0270000, 0x00007fc6d2138000)
 Next Bits: [0x00007fc6d2138000, 0x00007fc6d4000000)

Polling page: 0x00007fc6f985e000

Metaspace:

Usage:
  Non-class:      5,69 MB capacity,     3,52 MB ( 62%) used,     2,14 MB ( 38%) free+waste,    31,62 KB ( <1%) overhead. 
      Class:    862,00 KB capacity,   508,87 KB ( 59%) used,   335,32 KB ( 39%) free+waste,    17,81 KB (  2%) overhead. 
       Both:      6,53 MB capacity,     4,01 MB ( 61%) used,     2,47 MB ( 38%) free+waste,    49,44 KB ( <1%) overhead. 

Virtual space:
  Non-class space:        8,00 MB reserved,       5,75 MB ( 72%) committed 
      Class space:        1,00 GB reserved,     896,00 KB ( <1%) committed 
             Both:        1,01 GB reserved,       6,62 MB ( <1%) committed 

Chunk freelists:
   Non-Class:  18,00 KB
       Class:  0 bytes
        Both:  18,00 KB

CodeHeap 'non-profiled nmethods': size=120032Kb used=314Kb max_used=314Kb free=119717Kb
 bounds [0x00007fc6e0446000, 0x00007fc6e06b6000, 0x00007fc6e797e000]
CodeHeap 'profiled nmethods': size=120032Kb used=1910Kb max_used=1910Kb free=118121Kb
 bounds [0x00007fc6d8f0e000, 0x00007fc6d917e000, 0x00007fc6e0446000]
CodeHeap 'non-nmethods': size=5696Kb used=1078Kb max_used=1093Kb free=4617Kb
 bounds [0x00007fc6d897e000, 0x00007fc6d8bee000, 0x00007fc6d8f0e000]
 total_blobs=1598 nmethods=1036 adapters=283
 compilation: enabled
              stopped_count=0, restarted_count=0
 full_count=0

Compilation events (10 events):
Event: 152,324 Thread 0x00007fc6f0114000 1035       3       jdk.internal.ref.PhantomCleanable::clean (16 bytes)
Event: 152,325 Thread 0x00007fc6f0114000 nmethod 1035 0x00007fc6d90e9710 code [0x00007fc6d90e98e0, 0x00007fc6d90e9c18]
Event: 152,325 Thread 0x00007fc6f0114000 1036       3       jdk.internal.ref.CleanerImpl$PhantomCleanableRef::performCleanup (10 bytes)
Event: 152,325 Thread 0x00007fc6f0114000 nmethod 1036 0x00007fc6d90e9d10 code [0x00007fc6d90e9ee0, 0x00007fc6d90ea128]
Event: 152,340 Thread 0x00007fc6f0114000 1037       3       java.util.ArrayDeque::add (7 bytes)
Event: 152,340 Thread 0x00007fc6f0114000 nmethod 1037 0x00007fc6d90ea210 code [0x00007fc6d90ea3c0, 0x00007fc6d90ea588]
Event: 152,340 Thread 0x00007fc6f0114000 1040   !   3       java.lang.ref.ReferenceQueue::enqueue (119 bytes)
Event: 152,341 Thread 0x00007fc6f0114000 nmethod 1040 0x00007fc6d90ea610 code [0x00007fc6d90ea820, 0x00007fc6d90eb048]
Event: 152,341 Thread 0x00007fc6f0114000 1038       3       java.util.ArrayDeque::addLast (51 bytes)
Event: 152,342 Thread 0x00007fc6f0114000 nmethod 1038 0x00007fc6d90eb210 code [0x00007fc6d90eb400, 0x00007fc6d90eb958]

GC Heap History (4 events):
Event: 151,332 GC heap before
{Heap before GC invocations=0 (full 0):
 garbage-first heap   total 129024K, used 64124K [0x0000000084e00000, 0x0000000100000000)
  region size 1024K, 14 young (14336K), 0 survivors (0K)
 Metaspace       used 4103K, capacity 6684K, committed 6784K, reserved 1056768K
  class space    used 508K, capacity 862K, committed 896K, reserved 1048576K
}
Event: 152,294 GC heap after
{Heap after GC invocations=1 (full 0):
 garbage-first heap   total 129024K, used 53296K [0x0000000084e00000, 0x0000000100000000)
  region size 1024K, 2 young (2048K), 2 survivors (2048K)
 Metaspace       used 4103K, capacity 6684K, committed 6784K, reserved 1056768K
  class space    used 508K, capacity 862K, committed 896K, reserved 1048576K
}
Event: 156,568 GC heap before
{Heap before GC invocations=2 (full 0):
 garbage-first heap   total 220160K, used 134192K [0x0000000084e00000, 0x0000000100000000)
  region size 1024K, 2 young (2048K), 2 survivors (2048K)
 Metaspace       used 4108K, capacity 6684K, committed 6784K, reserved 1056768K
  class space    used 508K, capacity 862K, committed 896K, reserved 1048576K
}
Event: 160,852 GC heap after
{Heap after GC invocations=3 (full 0):
 garbage-first heap   total 220160K, used 134170K [0x0000000084e00000, 0x0000000100000000)
  region size 1024K, 0 young (0K), 0 survivors (0K)
 Metaspace       used 4108K, capacity 6684K, committed 6784K, reserved 1056768K
  class space    used 508K, capacity 862K, committed 896K, reserved 1048576K
}

Deoptimization events (2 events):
Event: 2,296 Thread 0x00007fc6f0012000 Uncommon trap: reason=unstable_if action=reinterpret pc=0x00007fc6e0448fc8 method=java.lang.String.hashCode()I @ 14 c2
Event: 129,530 Thread 0x00007fc6f0012000 Uncommon trap: reason=unstable_if action=reinterpret pc=0x00007fc6e044ac1c method=java.lang.String.isLatin1()Z @ 10 c2

Classes redefined (0 events):
No events

Internal exceptions (10 events):
Event: 133,860 Thread 0x00007fc6f0012000 Exception <a 'java/lang/NoSuchMethodError'{0x000000008c286f38}: java.lang.invoke.DirectMethodHandle$Holder.invokeInterface(Ljava/lang/Object;Ljava/lang/Object;)V> (0x000000008c286f38) thrown at [/build/openjdk-lts-TkRlmw/openjdk-lts-11.0.3+7/src/hotspot/s
Event: 133,861 Thread 0x00007fc6f0012000 Exception <a 'java/lang/IncompatibleClassChangeError'{0x000000008c289b98}: Found class java.lang.Object, but interface was expected> (0x000000008c289b98) thrown at [/build/openjdk-lts-TkRlmw/openjdk-lts-11.0.3+7/src/hotspot/share/interpreter/linkResolver.
Event: 133,865 Thread 0x00007fc6f0012000 Exception <a 'java/lang/NoSuchMethodError'{0x000000008c29a478}: java.lang.invoke.DirectMethodHandle$Holder.invokeStatic(Ljava/lang/Object;Ljava/lang/Object;Ljava/lang/Object;Ljava/lang/Object;)V> (0x000000008c29a478) thrown at [/build/openjdk-lts-TkRlmw/o
Event: 134,820 Thread 0x00007fc6f0012000 Exception <a 'java/lang/NoSuchMethodError'{0x000000008c10ec48}: java.lang.invoke.DirectMethodHandle$Holder.invokeVirtual(Ljava/lang/Object;Ljava/lang/Object;Ljava/lang/Object;)Ljava/lang/Object;> (0x000000008c10ec48) thrown at [/build/openjdk-lts-TkRlmw/o
Event: 135,109 Thread 0x00007fc6f0012000 Exception <a 'java/lang/NoSuchMethodError'{0x000000008c1dd808}: java.lang.invoke.DirectMethodHandle$Holder.invokeInterface(Ljava/lang/Object;Ljava/lang/Object;Ljava/lang/Object;Ljava/lang/Object;)V> (0x000000008c1dd808) thrown at [/build/openjdk-lts-TkRlm
Event: 135,109 Thread 0x00007fc6f0012000 Exception <a 'java/lang/IncompatibleClassChangeError'{0x000000008c1e05c8}: Found class java.lang.Object, but interface was expected> (0x000000008c1e05c8) thrown at [/build/openjdk-lts-TkRlmw/openjdk-lts-11.0.3+7/src/hotspot/share/interpreter/linkResolver.
Event: 135,302 Thread 0x00007fc6f0012000 Exception <a 'java/lang/NoSuchMethodError'{0x000000008c0a4f48}: java.lang.invoke.DirectMethodHandle$Holder.invokeSpecial(Ljava/lang/Object;Ljava/lang/Object;)V> (0x000000008c0a4f48) thrown at [/build/openjdk-lts-TkRlmw/openjdk-lts-11.0.3+7/src/hotspot/sha
Event: 135,621 Thread 0x00007fc6f0012000 Exception <a 'java/lang/NoSuchMethodError'{0x000000008c0e4110}: java.lang.invoke.DirectMethodHandle$Holder.invokeStatic(Ljava/lang/Object;Ljava/lang/Object;Ljava/lang/Object;Ljava/lang/Object;Ljava/lang/Object;)I> (0x000000008c0e4110) thrown at [/build/op
Event: 135,885 Thread 0x00007fc6f0012000 Exception <a 'java/lang/NoSuchMethodError'{0x000000008bf8b770}: java.lang.invoke.DirectMethodHandle$Holder.invokeStaticInit(Ljava/lang/Object;Ljava/lang/Object;Ljava/lang/Object;)I> (0x000000008bf8b770) thrown at [/build/openjdk-lts-TkRlmw/openjdk-lts-11.
Event: 137,044 Thread 0x00007fc6f0012000 Exception <a 'java/lang/NoSuchMethodError'{0x000000008be4c618}: java.lang.invoke.DirectMethodHandle$Holder.invokeStaticInit(Ljava/lang/Object;Ljava/lang/Object;)I> (0x000000008be4c618) thrown at [/build/openjdk-lts-TkRlmw/openjdk-lts-11.0.3+7/src/hotspot/

Events (10 events):
Event: 152,354 Executing VM operation: RevokeBias
Event: 152,354 Executing VM operation: RevokeBias done
Event: 152,354 Executing VM operation: RevokeBias
Event: 152,354 Executing VM operation: RevokeBias done
Event: 153,369 Executing VM operation: CGC_Operation
Event: 155,088 Executing VM operation: CGC_Operation done
Event: 155,827 Executing VM operation: CGC_Operation
Event: 155,859 Executing VM operation: CGC_Operation done
Event: 156,343 Executing VM operation: G1CollectForAllocation
Event: 160,860 Executing VM operation: G1CollectForAllocation done


Dynamic libraries:
84e00000-92300000 rw-p 00000000 00:00 0 
97300000-ffe00000 ---p 00000000 00:00 0 
ffe00000-ffe35000 rw-p 0111e000 08:04 3806013                            /usr/lib/jvm/java-11-openjdk-amd64/lib/server/classes.jsa
ffe35000-fff00000 rw-p 00000000 00:00 0 
fff00000-fff6a000 rw-p 010b4000 08:04 3806013                            /usr/lib/jvm/java-11-openjdk-amd64/lib/server/classes.jsa
fff6a000-100000000 rw-p 00000000 00:00 0 
800000000-800002000 rwxp 00001000 08:04 3806013                          /usr/lib/jvm/java-11-openjdk-amd64/lib/server/classes.jsa
800002000-8003bf000 rw-p 00003000 08:04 3806013                          /usr/lib/jvm/java-11-openjdk-amd64/lib/server/classes.jsa
8003bf000-800a9c000 r--p 003c0000 08:04 3806013                          /usr/lib/jvm/java-11-openjdk-amd64/lib/server/classes.jsa
800a9c000-800a9d000 rw-p 00a9d000 08:04 3806013                          /usr/lib/jvm/java-11-openjdk-amd64/lib/server/classes.jsa
800a9d000-8010b3000 r--p 00a9e000 08:04 3806013                          /usr/lib/jvm/java-11-openjdk-amd64/lib/server/classes.jsa
840000000-8400e0000 rw-p 00000000 00:00 0 
8400e0000-880000000 ---p 00000000 00:00 0 
55c267f89000-55c267f8a000 r-xp 00000000 08:04 3805103                    /usr/lib/jvm/java-11-openjdk-amd64/bin/java
55c26818a000-55c26818b000 r--p 00001000 08:04 3805103                    /usr/lib/jvm/java-11-openjdk-amd64/bin/java
55c26818b000-55c26818c000 rw-p 00002000 08:04 3805103                    /usr/lib/jvm/java-11-openjdk-amd64/bin/java
55c268db7000-55c268dd8000 rw-p 00000000 00:00 0                          [heap]
7fc678000000-7fc678021000 rw-p 00000000 00:00 0 
7fc678021000-7fc67c000000 ---p 00000000 00:00 0 
7fc67c000000-7fc67c02c000 rw-p 00000000 00:00 0 
7fc67c02c000-7fc680000000 ---p 00000000 00:00 0 
7fc680000000-7fc680021000 rw-p 00000000 00:00 0 
7fc680021000-7fc684000000 ---p 00000000 00:00 0 
7fc684000000-7fc684026000 rw-p 00000000 00:00 0 
7fc684026000-7fc688000000 ---p 00000000 00:00 0 
7fc688000000-7fc688021000 rw-p 00000000 00:00 0 
7fc688021000-7fc68c000000 ---p 00000000 00:00 0 
7fc68c000000-7fc68c021000 rw-p 00000000 00:00 0 
7fc68c021000-7fc690000000 ---p 00000000 00:00 0 
7fc690000000-7fc690021000 rw-p 00000000 00:00 0 
7fc690021000-7fc694000000 ---p 00000000 00:00 0 
7fc694000000-7fc694021000 rw-p 00000000 00:00 0 
7fc694021000-7fc698000000 ---p 00000000 00:00 0 
7fc698000000-7fc698021000 rw-p 00000000 00:00 0 
7fc698021000-7fc69c000000 ---p 00000000 00:00 0 
7fc69c000000-7fc69c021000 rw-p 00000000 00:00 0 
7fc69c021000-7fc6a0000000 ---p 00000000 00:00 0 
7fc6a0000000-7fc6a05b5000 rw-p 00000000 00:00 0 
7fc6a05b5000-7fc6a4000000 ---p 00000000 00:00 0 
7fc6a4000000-7fc6a4021000 rw-p 00000000 00:00 0 
7fc6a4021000-7fc6a8000000 ---p 00000000 00:00 0 
7fc6a8000000-7fc6a8021000 rw-p 00000000 00:00 0 
7fc6a8021000-7fc6ac000000 ---p 00000000 00:00 0 
7fc6ac000000-7fc6ac4f2000 rw-p 00000000 00:00 0 
7fc6ac4f2000-7fc6b0000000 ---p 00000000 00:00 0 
7fc6b0000000-7fc6b0021000 rw-p 00000000 00:00 0 
7fc6b0021000-7fc6b4000000 ---p 00000000 00:00 0 
7fc6b4000000-7fc6b4021000 rw-p 00000000 00:00 0 
7fc6b4021000-7fc6b8000000 ---p 00000000 00:00 0 
7fc6b8000000-7fc6b8021000 rw-p 00000000 00:00 0 
7fc6b8021000-7fc6bc000000 ---p 00000000 00:00 0 
7fc6bc000000-7fc6bc099000 rw-p 00000000 00:00 0 
7fc6bc099000-7fc6c0000000 ---p 00000000 00:00 0 
7fc6c0000000-7fc6c0021000 rw-p 00000000 00:00 0 
7fc6c0021000-7fc6c4000000 ---p 00000000 00:00 0 
7fc6c4000000-7fc6c4021000 rw-p 00000000 00:00 0 
7fc6c4021000-7fc6c8000000 ---p 00000000 00:00 0 
7fc6c86de000-7fc6c86df000 ---p 00000000 00:00 0 
7fc6c86df000-7fc6c87e0000 rw-p 00000000 00:00 0 
7fc6c87e0000-7fc6c87e1000 ---p 00000000 00:00 0 
7fc6c87e1000-7fc6c88e2000 rw-p 00000000 00:00 0 
7fc6c88e2000-7fc6c88e3000 ---p 00000000 00:00 0 
7fc6c88e3000-7fc6c89e4000 rw-p 00000000 00:00 0 
7fc6c89e4000-7fc6c89e5000 ---p 00000000 00:00 0 
7fc6c89e5000-7fc6c8ae6000 rw-p 00000000 00:00 0 
7fc6c8ae6000-7fc6c8ae7000 ---p 00000000 00:00 0 
7fc6c8ae7000-7fc6c8be8000 rw-p 00000000 00:00 0 
7fc6c8be8000-7fc6c8be9000 ---p 00000000 00:00 0 
7fc6c8be9000-7fc6c8cea000 rw-p 00000000 00:00 0 
7fc6c8cea000-7fc6c8cee000 ---p 00000000 00:00 0 
7fc6c8cee000-7fc6c8deb000 rw-p 00000000 00:00 0 
7fc6c8deb000-7fc6c8ded000 r-xp 00000000 08:04 3805171                    /usr/lib/jvm/java-11-openjdk-amd64/lib/libextnet.so
7fc6c8ded000-7fc6c8fec000 ---p 00002000 08:04 3805171                    /usr/lib/jvm/java-11-openjdk-amd64/lib/libextnet.so
7fc6c8fec000-7fc6c8fed000 r--p 00001000 08:04 3805171                    /usr/lib/jvm/java-11-openjdk-amd64/lib/libextnet.so
7fc6c8fed000-7fc6c8fee000 rw-p 00002000 08:04 3805171                    /usr/lib/jvm/java-11-openjdk-amd64/lib/libextnet.so
7fc6c8fee000-7fc6c9004000 r-xp 00000000 08:04 3805190                    /usr/lib/jvm/java-11-openjdk-amd64/lib/libnet.so
7fc6c9004000-7fc6c9203000 ---p 00016000 08:04 3805190                    /usr/lib/jvm/java-11-openjdk-amd64/lib/libnet.so
7fc6c9203000-7fc6c9204000 r--p 00015000 08:04 3805190                    /usr/lib/jvm/java-11-openjdk-amd64/lib/libnet.so
7fc6c9204000-7fc6c9205000 rw-p 00016000 08:04 3805190                    /usr/lib/jvm/java-11-openjdk-amd64/lib/libnet.so
7fc6c9205000-7fc6c9215000 r-xp 00000000 08:04 3805191                    /usr/lib/jvm/java-11-openjdk-amd64/lib/libnio.so
7fc6c9215000-7fc6c9414000 ---p 00010000 08:04 3805191                    /usr/lib/jvm/java-11-openjdk-amd64/lib/libnio.so
7fc6c9414000-7fc6c9415000 r--p 0000f000 08:04 3805191                    /usr/lib/jvm/java-11-openjdk-amd64/lib/libnio.so
7fc6c9415000-7fc6c9416000 rw-p 00010000 08:04 3805191                    /usr/lib/jvm/java-11-openjdk-amd64/lib/libnio.so
7fc6c9416000-7fc6c941a000 ---p 00000000 00:00 0 
7fc6c941a000-7fc6c9517000 rw-p 00000000 00:00 0 
7fc6c9517000-7fc6c9518000 ---p 00000000 00:00 0 
7fc6c9518000-7fc6c9619000 rw-p 00000000 00:00 0 
7fc6c9619000-7fc6c961d000 ---p 00000000 00:00 0 
7fc6c961d000-7fc6c971a000 rw-p 00000000 00:00 0 
7fc6c971a000-7fc6c971e000 ---p 00000000 00:00 0 
7fc6c971e000-7fc6c981b000 rw-p 00000000 00:00 0 
7fc6c981b000-7fc6c981f000 ---p 00000000 00:00 0 
7fc6c981f000-7fc6c991c000 rw-p 00000000 00:00 0 
7fc6c991c000-7fc6c9920000 ---p 00000000 00:00 0 
7fc6c9920000-7fc6c9a1d000 rw-p 00000000 00:00 0 
7fc6c9a1d000-7fc6c9a21000 ---p 00000000 00:00 0 
7fc6c9a21000-7fc6c9b1e000 rw-p 00000000 00:00 0 
7fc6c9b1e000-7fc6c9dfe000 r--p 00000000 08:04 3807447                    /usr/lib/locale/locale-archive
7fc6c9dfe000-7fc6c9e02000 ---p 00000000 00:00 0 
7fc6c9e02000-7fc6c9eff000 rw-p 00000000 00:00 0 
7fc6c9eff000-7fc6c9f03000 ---p 00000000 00:00 0 
7fc6c9f03000-7fc6cc000000 rw-p 00000000 00:00 0 
7fc6cc000000-7fc6cc021000 rw-p 00000000 00:00 0 
7fc6cc021000-7fc6d0000000 ---p 00000000 00:00 0 
7fc6d00ed000-7fc6d00ee000 ---p 00000000 00:00 0 
7fc6d00ee000-7fc6d05c4000 rw-p 00000000 00:00 0 
7fc6d05c4000-7fc6d2130000 ---p 00000000 00:00 0 
7fc6d2130000-7fc6d248c000 rw-p 00000000 00:00 0 
7fc6d248c000-7fc6d3ff8000 ---p 00000000 00:00 0 
7fc6d3ff8000-7fc6d4000000 rw-p 00000000 00:00 0 
7fc6d4000000-7fc6d4028000 rw-p 00000000 00:00 0 
7fc6d4028000-7fc6d8000000 ---p 00000000 00:00 0 
7fc6d807c000-7fc6d863c000 rw-p 00000000 00:00 0 
7fc6d863c000-7fc6d887c000 ---p 00000000 00:00 0 
7fc6d887c000-7fc6d887d000 ---p 00000000 00:00 0 
7fc6d887d000-7fc6d897e000 rw-p 00000000 00:00 0 
7fc6d897e000-7fc6d8bee000 rwxp 00000000 00:00 0 
7fc6d8bee000-7fc6d8f0e000 ---p 00000000 00:00 0 
7fc6d8f0e000-7fc6d917e000 rwxp 00000000 00:00 0 
7fc6d917e000-7fc6e0446000 ---p 00000000 00:00 0 
7fc6e0446000-7fc6e06b6000 rwxp 00000000 00:00 0 
7fc6e06b6000-7fc6e797e000 ---p 00000000 00:00 0 
7fc6e797e000-7fc6f0000000 r--s 00000000 08:04 3805200                    /usr/lib/jvm/java-11-openjdk-amd64/lib/modules
7fc6f0000000-7fc6f0340000 rw-p 00000000 00:00 0 
7fc6f0340000-7fc6f4000000 ---p 00000000 00:00 0 
7fc6f4048000-7fc6f40a3000 rw-p 00000000 00:00 0 
7fc6f40a3000-7fc6f40a4000 ---p 00000000 00:00 0 
7fc6f40a4000-7fc6f45a9000 rw-p 00000000 00:00 0 
7fc6f45a9000-7fc6f45aa000 ---p 00000000 00:00 0 
7fc6f45aa000-7fc6f46ab000 rw-p 00000000 00:00 0 
7fc6f46ab000-7fc6f46ac000 ---p 00000000 00:00 0 
7fc6f46ac000-7fc6f4818000 rw-p 00000000 00:00 0 
7fc6f4818000-7fc6f4b85000 ---p 00000000 00:00 0 
7fc6f4b85000-7fc6f4bf1000 rw-p 00000000 00:00 0 
7fc6f4bf1000-7fc6f4f5e000 ---p 00000000 00:00 0 
7fc6f4f5e000-7fc6f4fca000 rw-p 00000000 00:00 0 
7fc6f4fca000-7fc6f5337000 ---p 00000000 00:00 0 
7fc6f5337000-7fc6f573c000 rw-p 00000000 00:00 0 
7fc6f573c000-7fc6f573d000 ---p 00000000 00:00 0 
7fc6f573d000-7fc6f5843000 rw-p 00000000 00:00 0 
7fc6f5843000-7fc6f5929000 ---p 00000000 00:00 0 
7fc6f5929000-7fc6f592e000 rw-p 00000000 00:00 0 
7fc6f592e000-7fc6f5a14000 ---p 00000000 00:00 0 
7fc6f5a14000-7fc6f5a19000 r-xp 00000000 08:04 3805182                    /usr/lib/jvm/java-11-openjdk-amd64/lib/libjimage.so
7fc6f5a19000-7fc6f5c18000 ---p 00005000 08:04 3805182                    /usr/lib/jvm/java-11-openjdk-amd64/lib/libjimage.so
7fc6f5c18000-7fc6f5c19000 r--p 00004000 08:04 3805182                    /usr/lib/jvm/java-11-openjdk-amd64/lib/libjimage.so
7fc6f5c19000-7fc6f5c1a000 rw-p 00005000 08:04 3805182                    /usr/lib/jvm/java-11-openjdk-amd64/lib/libjimage.so
7fc6f5c1a000-7fc6f5c21000 r-xp 00000000 08:04 3805199                    /usr/lib/jvm/java-11-openjdk-amd64/lib/libzip.so
7fc6f5c21000-7fc6f5e20000 ---p 00007000 08:04 3805199                    /usr/lib/jvm/java-11-openjdk-amd64/lib/libzip.so
7fc6f5e20000-7fc6f5e21000 r--p 00006000 08:04 3805199                    /usr/lib/jvm/java-11-openjdk-amd64/lib/libzip.so
7fc6f5e21000-7fc6f5e22000 rw-p 00007000 08:04 3805199                    /usr/lib/jvm/java-11-openjdk-amd64/lib/libzip.so
7fc6f5e22000-7fc6f5e2d000 r-xp 00000000 08:04 4199121                    /lib/x86_64-linux-gnu/libnss_files-2.27.so
7fc6f5e2d000-7fc6f602c000 ---p 0000b000 08:04 4199121                    /lib/x86_64-linux-gnu/libnss_files-2.27.so
7fc6f602c000-7fc6f602d000 r--p 0000a000 08:04 4199121                    /lib/x86_64-linux-gnu/libnss_files-2.27.so
7fc6f602d000-7fc6f602e000 rw-p 0000b000 08:04 4199121                    /lib/x86_64-linux-gnu/libnss_files-2.27.so
7fc6f602e000-7fc6f6034000 rw-p 00000000 00:00 0 
7fc6f6034000-7fc6f604b000 r-xp 00000000 08:04 4199115                    /lib/x86_64-linux-gnu/libnsl-2.27.so
7fc6f604b000-7fc6f624a000 ---p 00017000 08:04 4199115                    /lib/x86_64-linux-gnu/libnsl-2.27.so
7fc6f624a000-7fc6f624b000 r--p 00016000 08:04 4199115                    /lib/x86_64-linux-gnu/libnsl-2.27.so
7fc6f624b000-7fc6f624c000 rw-p 00017000 08:04 4199115                    /lib/x86_64-linux-gnu/libnsl-2.27.so
7fc6f624c000-7fc6f624e000 rw-p 00000000 00:00 0 
7fc6f624e000-7fc6f6259000 r-xp 00000000 08:04 4199132                    /lib/x86_64-linux-gnu/libnss_nis-2.27.so
7fc6f6259000-7fc6f6458000 ---p 0000b000 08:04 4199132                    /lib/x86_64-linux-gnu/libnss_nis-2.27.so
7fc6f6458000-7fc6f6459000 r--p 0000a000 08:04 4199132                    /lib/x86_64-linux-gnu/libnss_nis-2.27.so
7fc6f6459000-7fc6f645a000 rw-p 0000b000 08:04 4199132                    /lib/x86_64-linux-gnu/libnss_nis-2.27.so
7fc6f645a000-7fc6f6462000 r-xp 00000000 08:04 4199117                    /lib/x86_64-linux-gnu/libnss_compat-2.27.so
7fc6f6462000-7fc6f6662000 ---p 00008000 08:04 4199117                    /lib/x86_64-linux-gnu/libnss_compat-2.27.so
7fc6f6662000-7fc6f6663000 r--p 00008000 08:04 4199117                    /lib/x86_64-linux-gnu/libnss_compat-2.27.so
7fc6f6663000-7fc6f6664000 rw-p 00009000 08:04 4199117                    /lib/x86_64-linux-gnu/libnss_compat-2.27.so
7fc6f6664000-7fc6f668d000 r-xp 00000000 08:04 3805178                    /usr/lib/jvm/java-11-openjdk-amd64/lib/libjava.so
7fc6f668d000-7fc6f688c000 ---p 00029000 08:04 3805178                    /usr/lib/jvm/java-11-openjdk-amd64/lib/libjava.so
7fc6f688c000-7fc6f688d000 r--p 00028000 08:04 3805178                    /usr/lib/jvm/java-11-openjdk-amd64/lib/libjava.so
7fc6f688d000-7fc6f688f000 rw-p 00029000 08:04 3805178                    /usr/lib/jvm/java-11-openjdk-amd64/lib/libjava.so
7fc6f688f000-7fc6f689c000 r-xp 00000000 08:04 3805198                    /usr/lib/jvm/java-11-openjdk-amd64/lib/libverify.so
7fc6f689c000-7fc6f6a9b000 ---p 0000d000 08:04 3805198                    /usr/lib/jvm/java-11-openjdk-amd64/lib/libverify.so
7fc6f6a9b000-7fc6f6a9d000 r--p 0000c000 08:04 3805198                    /usr/lib/jvm/java-11-openjdk-amd64/lib/libverify.so
7fc6f6a9d000-7fc6f6a9e000 rw-p 0000e000 08:04 3805198                    /usr/lib/jvm/java-11-openjdk-amd64/lib/libverify.so
7fc6f6a9e000-7fc6f6aa5000 r-xp 00000000 08:04 4199172                    /lib/x86_64-linux-gnu/librt-2.27.so
7fc6f6aa5000-7fc6f6ca4000 ---p 00007000 08:04 4199172                    /lib/x86_64-linux-gnu/librt-2.27.so
7fc6f6ca4000-7fc6f6ca5000 r--p 00006000 08:04 4199172                    /lib/x86_64-linux-gnu/librt-2.27.so
7fc6f6ca5000-7fc6f6ca6000 rw-p 00007000 08:04 4199172                    /lib/x86_64-linux-gnu/librt-2.27.so
7fc6f6ca6000-7fc6f6cbd000 r-xp 00000000 08:04 4199068                    /lib/x86_64-linux-gnu/libgcc_s.so.1
7fc6f6cbd000-7fc6f6ebc000 ---p 00017000 08:04 4199068                    /lib/x86_64-linux-gnu/libgcc_s.so.1
7fc6f6ebc000-7fc6f6ebd000 r--p 00016000 08:04 4199068                    /lib/x86_64-linux-gnu/libgcc_s.so.1
7fc6f6ebd000-7fc6f6ebe000 rw-p 00017000 08:04 4199068                    /lib/x86_64-linux-gnu/libgcc_s.so.1
7fc6f6ebe000-7fc6f705b000 r-xp 00000000 08:04 4199094                    /lib/x86_64-linux-gnu/libm-2.27.so
7fc6f705b000-7fc6f725a000 ---p 0019d000 08:04 4199094                    /lib/x86_64-linux-gnu/libm-2.27.so
7fc6f725a000-7fc6f725b000 r--p 0019c000 08:04 4199094                    /lib/x86_64-linux-gnu/libm-2.27.so
7fc6f725b000-7fc6f725c000 rw-p 0019d000 08:04 4199094                    /lib/x86_64-linux-gnu/libm-2.27.so
7fc6f725c000-7fc6f73d5000 r-xp 00000000 08:04 3809699                    /usr/lib/x86_64-linux-gnu/libstdc++.so.6.0.25
7fc6f73d5000-7fc6f75d5000 ---p 00179000 08:04 3809699                    /usr/lib/x86_64-linux-gnu/libstdc++.so.6.0.25
7fc6f75d5000-7fc6f75df000 r--p 00179000 08:04 3809699                    /usr/lib/x86_64-linux-gnu/libstdc++.so.6.0.25
7fc6f75df000-7fc6f75e1000 rw-p 00183000 08:04 3809699                    /usr/lib/x86_64-linux-gnu/libstdc++.so.6.0.25
7fc6f75e1000-7fc6f75e5000 rw-p 00000000 00:00 0 
7fc6f75e5000-7fc6f86ad000 r-xp 00000000 08:04 3805203                    /usr/lib/jvm/java-11-openjdk-amd64/lib/server/libjvm.so
7fc6f86ad000-7fc6f88ad000 ---p 010c8000 08:04 3805203                    /usr/lib/jvm/java-11-openjdk-amd64/lib/server/libjvm.so
7fc6f88ad000-7fc6f896a000 r--p 010c8000 08:04 3805203                    /usr/lib/jvm/java-11-openjdk-amd64/lib/server/libjvm.so
7fc6f896a000-7fc6f89a3000 rw-p 01185000 08:04 3805203                    /usr/lib/jvm/java-11-openjdk-amd64/lib/server/libjvm.so
7fc6f89a3000-7fc6f89f9000 rw-p 00000000 00:00 0 
7fc6f89f9000-7fc6f8a13000 r-xp 00000000 08:04 4199164                    /lib/x86_64-linux-gnu/libpthread-2.27.so
7fc6f8a13000-7fc6f8c12000 ---p 0001a000 08:04 4199164                    /lib/x86_64-linux-gnu/libpthread-2.27.so
7fc6f8c12000-7fc6f8c13000 r--p 00019000 08:04 4199164                    /lib/x86_64-linux-gnu/libpthread-2.27.so
7fc6f8c13000-7fc6f8c14000 rw-p 0001a000 08:04 4199164                    /lib/x86_64-linux-gnu/libpthread-2.27.so
7fc6f8c14000-7fc6f8c18000 rw-p 00000000 00:00 0 
7fc6f8c18000-7fc6f8c1b000 r-xp 00000000 08:04 4199054                    /lib/x86_64-linux-gnu/libdl-2.27.so
7fc6f8c1b000-7fc6f8e1a000 ---p 00003000 08:04 4199054                    /lib/x86_64-linux-gnu/libdl-2.27.so
7fc6f8e1a000-7fc6f8e1b000 r--p 00002000 08:04 4199054                    /lib/x86_64-linux-gnu/libdl-2.27.so
7fc6f8e1b000-7fc6f8e1c000 rw-p 00003000 08:04 4199054                    /lib/x86_64-linux-gnu/libdl-2.27.so
7fc6f8e1c000-7fc6f8e38000 r-xp 00000000 08:04 4199205                    /lib/x86_64-linux-gnu/libz.so.1.2.11
7fc6f8e38000-7fc6f9037000 ---p 0001c000 08:04 4199205                    /lib/x86_64-linux-gnu/libz.so.1.2.11
7fc6f9037000-7fc6f9038000 r--p 0001b000 08:04 4199205                    /lib/x86_64-linux-gnu/libz.so.1.2.11
7fc6f9038000-7fc6f9039000 rw-p 0001c000 08:04 4199205                    /lib/x86_64-linux-gnu/libz.so.1.2.11
7fc6f9039000-7fc6f9220000 r-xp 00000000 08:04 4199031                    /lib/x86_64-linux-gnu/libc-2.27.so
7fc6f9220000-7fc6f9420000 ---p 001e7000 08:04 4199031                    /lib/x86_64-linux-gnu/libc-2.27.so
7fc6f9420000-7fc6f9424000 r--p 001e7000 08:04 4199031                    /lib/x86_64-linux-gnu/libc-2.27.so
7fc6f9424000-7fc6f9426000 rw-p 001eb000 08:04 4199031                    /lib/x86_64-linux-gnu/libc-2.27.so
7fc6f9426000-7fc6f942a000 rw-p 00000000 00:00 0 
7fc6f942a000-7fc6f9439000 r-xp 00000000 08:04 3805163                    /usr/lib/jvm/java-11-openjdk-amd64/lib/jli/libjli.so
7fc6f9439000-7fc6f9639000 ---p 0000f000 08:04 3805163                    /usr/lib/jvm/java-11-openjdk-amd64/lib/jli/libjli.so
7fc6f9639000-7fc6f963a000 r--p 0000f000 08:04 3805163                    /usr/lib/jvm/java-11-openjdk-amd64/lib/jli/libjli.so
7fc6f963a000-7fc6f963b000 rw-p 00010000 08:04 3805163                    /usr/lib/jvm/java-11-openjdk-amd64/lib/jli/libjli.so
7fc6f963b000-7fc6f9662000 r-xp 00000000 08:04 4199003                    /lib/x86_64-linux-gnu/ld-2.27.so
7fc6f9665000-7fc6f9742000 rw-p 00000000 00:00 0 
7fc6f9742000-7fc6f9746000 ---p 00000000 00:00 0 
7fc6f9746000-7fc6f9845000 rw-p 00000000 00:00 0 
7fc6f984a000-7fc6f984f000 rw-p 00000000 00:00 0 
7fc6f984f000-7fc6f9856000 ---p 00000000 00:00 0 
7fc6f9856000-7fc6f985e000 rw-s 00000000 08:04 1573131                    /tmp/hsperfdata_wellersonalex/16620
7fc6f985e000-7fc6f985f000 ---p 00000000 00:00 0 
7fc6f985f000-7fc6f9860000 r--p 00000000 00:00 0 
7fc6f9860000-7fc6f9862000 rw-p 00000000 00:00 0 
7fc6f9862000-7fc6f9863000 r--p 00027000 08:04 4199003                    /lib/x86_64-linux-gnu/ld-2.27.so
7fc6f9863000-7fc6f9864000 rw-p 00028000 08:04 4199003                    /lib/x86_64-linux-gnu/ld-2.27.so
7fc6f9864000-7fc6f9865000 rw-p 00000000 00:00 0 
7ffe303fe000-7ffe3041f000 rw-p 00000000 00:00 0                          [stack]
7ffe3047d000-7ffe30480000 r--p 00000000 00:00 0                          [vvar]
7ffe30480000-7ffe30482000 r-xp 00000000 00:00 0                          [vdso]
ffffffffff600000-ffffffffff601000 r-xp 00000000 00:00 0                  [vsyscall]


VM Arguments:
jvm_args: -ea -Dfile.encoding=UTF-8 
java_command: org.eclipse.jdt.internal.junit.runner.RemoteTestRunner -version 3 -port 44119 -testLoaderClass org.eclipse.jdt.internal.junit5.runner.JUnit5TestLoader -loaderpluginname org.eclipse.jdt.junit5.runtime -classNames br.ufpb.dcx.aps.escalonador.FachadaEscalonadorPrioridadeTest
java_class_path (initial): /home/wellersonalex/MaterialUFPB/APS/Escalonador/target/test-classes:/home/wellersonalex/MaterialUFPB/APS/Escalonador/target/classes:/home/wellersonalex/.m2/repository/org/junit/jupiter/junit-jupiter-engine/5.4.2/junit-jupiter-engine-5.4.2.jar:/home/wellersonalex/.m2/repository/org/apiguardian/apiguardian-api/1.0.0/apiguardian-api-1.0.0.jar:/home/wellersonalex/.m2/repository/org/junit/platform/junit-platform-engine/1.4.2/junit-platform-engine-1.4.2.jar:/home/wellersonalex/.m2/repository/org/opentest4j/opentest4j/1.1.1/opentest4j-1.1.1.jar:/home/wellersonalex/.m2/repository/org/junit/platform/junit-platform-commons/1.4.2/junit-platform-commons-1.4.2.jar:/home/wellersonalex/.m2/repository/org/junit/jupiter/junit-jupiter-api/5.4.2/junit-jupiter-api-5.4.2.jar:/home/wellersonalex/.m2/repository/org/junit/platform/junit-platform-launcher/1.4.2/junit-platform-launcher-1.4.2.jar:/home/wellersonalex/.eclipse/org.eclipse.platform_4.8.0_1473617060_linux_gtk_x86_64/configuration/org.eclipse.osgi/412/0/.cp:/home/wellersonalex/.eclipse/org.eclipse.platform_4.8.0_1473617060_linux_gtk_x86_64/configuration/org.eclipse.osgi/410/0/.cp
Launcher Type: SUN_STANDARD

[Global flags]
     intx CICompilerCount                          = 3                                         {product} {ergonomic}
     uint ConcGCThreads                            = 1                                         {product} {ergonomic}
     uint G1ConcRefinementThreads                  = 4                                         {product} {ergonomic}
   size_t G1HeapRegionSize                         = 1048576                                   {product} {ergonomic}
    uintx GCDrainStackTargetSize                   = 64                                        {product} {ergonomic}
   size_t InitialHeapSize                          = 130023424                                 {product} {ergonomic}
   size_t MarkStackSize                            = 4194304                                   {product} {ergonomic}
   size_t MaxHeapSize                              = 2065694720                                {product} {ergonomic}
   size_t MaxNewSize                               = 1239416832                                {product} {ergonomic}
   size_t MinHeapDeltaBytes                        = 1048576                                   {product} {ergonomic}
    uintx NonNMethodCodeHeapSize                   = 5830092                                {pd product} {ergonomic}
    uintx NonProfiledCodeHeapSize                  = 122914074                              {pd product} {ergonomic}
    uintx ProfiledCodeHeapSize                     = 122914074                              {pd product} {ergonomic}
    uintx ReservedCodeCacheSize                    = 251658240                              {pd product} {ergonomic}
     bool SegmentedCodeCache                       = true                                      {product} {ergonomic}
     bool UseCompressedClassPointers               = true                                 {lp64_product} {ergonomic}
     bool UseCompressedOops                        = true                                 {lp64_product} {ergonomic}
     bool UseG1GC                                  = true                                      {product} {ergonomic}

Logging:
Log output configuration:
 #0: stdout all=warning uptime,level,tags
 #1: stderr all=off uptime,level,tags

Environment Variables:
PATH=/usr/local/sbin:/usr/local/bin:/usr/sbin:/usr/bin:/sbin:/bin:/usr/games:/usr/local/games
SHELL=/bin/bash
DISPLAY=:0.0

Signal Handlers:
SIGSEGV: [libjvm.so+0xde2f90], sa_mask[0]=11111111011111111101111111111110, sa_flags=SA_RESTART|SA_SIGINFO
SIGBUS: [libjvm.so+0xde2f90], sa_mask[0]=11111111011111111101111111111110, sa_flags=SA_RESTART|SA_SIGINFO
SIGFPE: [libjvm.so+0xde2f90], sa_mask[0]=11111111011111111101111111111110, sa_flags=SA_RESTART|SA_SIGINFO
SIGPIPE: [libjvm.so+0xbb85d0], sa_mask[0]=11111111011111111101111111111110, sa_flags=SA_RESTART|SA_SIGINFO
SIGXFSZ: [libjvm.so+0xbb85d0], sa_mask[0]=11111111011111111101111111111110, sa_flags=SA_RESTART|SA_SIGINFO
SIGILL: [libjvm.so+0xde2f90], sa_mask[0]=11111111011111111101111111111110, sa_flags=SA_RESTART|SA_SIGINFO
SIGUSR2: [libjvm.so+0xbb8470], sa_mask[0]=00100000000000000000000000000000, sa_flags=SA_RESTART|SA_SIGINFO
SIGHUP: [libjvm.so+0xbb87d0], sa_mask[0]=11111111011111111101111111111110, sa_flags=SA_RESTART|SA_SIGINFO
SIGINT: [libjvm.so+0xbb87d0], sa_mask[0]=11111111011111111101111111111110, sa_flags=SA_RESTART|SA_SIGINFO
SIGTERM: [libjvm.so+0xbb87d0], sa_mask[0]=11111111011111111101111111111110, sa_flags=SA_RESTART|SA_SIGINFO
SIGQUIT: [libjvm.so+0xbb87d0], sa_mask[0]=11111111011111111101111111111110, sa_flags=SA_RESTART|SA_SIGINFO


---------------  S Y S T E M  ---------------

OS:DISTRIB_ID=LinuxMint
DISTRIB_RELEASE=19.1
DISTRIB_CODENAME=tessa
DISTRIB_DESCRIPTION="Linux Mint 19.1 Tessa"
uname:Linux 4.15.0-20-generic #21-Ubuntu SMP Tue Apr 24 06:16:15 UTC 2018 x86_64
libc:glibc 2.27 NPTL 2.27 
rlimit: STACK 8192k, CORE 0k, NPROC 31247, NOFILE 1048576, AS infinity, DATA infinity, FSIZE infinity
load average:31,03 14,59 5,97

/proc/meminfo:
MemTotal:        8062068 kB
MemFree:          108744 kB
MemAvailable:      15160 kB
Buffers:            2300 kB
Cached:           172260 kB
SwapCached:         9980 kB
Active:          6861052 kB
Inactive:         886752 kB
Active(anon):    6842476 kB
Inactive(anon):   855416 kB
Active(file):      18576 kB
Inactive(file):    31336 kB
Unevictable:         160 kB
Mlocked:             160 kB
SwapTotal:       2097148 kB
SwapFree:           6384 kB
Dirty:               188 kB
Writeback:          5652 kB
AnonPages:       7564532 kB
Mapped:            91348 kB
Shmem:            124472 kB
Slab:              81688 kB
SReclaimable:      38928 kB
SUnreclaim:        42760 kB
KernelStack:       10512 kB
PageTables:        56180 kB
NFS_Unstable:          0 kB
Bounce:                0 kB
WritebackTmp:          0 kB
CommitLimit:     6128180 kB
Committed_AS:   13437224 kB
VmallocTotal:   34359738367 kB
VmallocUsed:           0 kB
VmallocChunk:          0 kB
HardwareCorrupted:     0 kB
AnonHugePages:         0 kB
ShmemHugePages:        0 kB
ShmemPmdMapped:        0 kB
CmaTotal:              0 kB
CmaFree:               0 kB
HugePages_Total:       0
HugePages_Free:        0
HugePages_Rsvd:        0
HugePages_Surp:        0
Hugepagesize:       2048 kB
DirectMap4k:      228096 kB
DirectMap2M:     7006208 kB
DirectMap1G:     2097152 kB


/proc/sys/kernel/threads-max (system-wide limit on the number of threads):
62494


/proc/sys/vm/max_map_count (maximum number of memory map areas a process may have):
65530


/proc/sys/kernel/pid_max (system-wide limit on number of process identifiers):
32768



container (cgroup) information:
container_type: cgroupv1
cpu_cpuset_cpus: 0-3
cpu_memory_nodes: 0
active_processor_count: 4
cpu_quota: -1
cpu_period: 100000
cpu_shares: -1
memory_limit_in_bytes: -1
memory_and_swap_limit_in_bytes: -2
memory_soft_limit_in_bytes: -1
memory_usage_in_bytes: 7931281408
memory_max_usage_in_bytes: 0


CPU:total 4 (initial active 4) (2 cores per cpu, 2 threads per core) family 6 model 69 stepping 1, cmov, cx8, fxsr, mmx, sse, sse2, sse3, ssse3, sse4.1, sse4.2, popcnt, avx, avx2, aes, clmul, erms, lzcnt, ht, tsc, tscinvbit, bmi1, bmi2, fma
CPU Model and flags from /proc/cpuinfo:
model name	: Intel(R) Core(TM) i3-4005U CPU @ 1.70GHz
flags		: fpu vme de pse tsc msr pae mce cx8 apic sep mtrr pge mca cmov pat pse36 clflush dts acpi mmx fxsr sse sse2 ss ht tm pbe syscall nx pdpe1gb rdtscp lm constant_tsc arch_perfmon pebs bts rep_good nopl xtopology nonstop_tsc cpuid aperfmperf pni pclmulqdq dtes64 monitor ds_cpl vmx est tm2 ssse3 sdbg fma cx16 xtpr pdcm pcid sse4_1 sse4_2 movbe popcnt aes xsave avx f16c rdrand lahf_lm abm cpuid_fault epb invpcid_single pti tpr_shadow vnmi flexpriority ept vpid fsgsbase tsc_adjust bmi1 avx2 smep bmi2 erms invpcid xsaveopt dtherm arat pln pts

Memory: 4k page, physical 8062068k(108744k free), swap 2097148k(6384k free)

vm_info: OpenJDK 64-Bit Server VM (11.0.3+7-Ubuntu-1ubuntu218.04.1) for linux-amd64 JRE (11.0.3+7-Ubuntu-1ubuntu218.04.1), built on Apr 23 2019 18:34:35 by "buildd" with gcc 7.3.0

END.
